0001_0025_0028_0042_0042.jpg 1 25 28 42 42
0002_0042_0055_0032_0032.jpg 1 42 55 32 32
0003_0021_0014_0050_0050.jpg 1 21 14 50 50
0004_0039_0006_0047_0047.jpg 1 39 6 47 47
0005_0035_0024_0060_0060.jpg 1 35 24 60 60
0006_0036_0007_0056_0056.jpg 1 36 7 56 56
0007_0026_0011_0048_0048.jpg 1 26 11 48 48
0008_0004_0010_0068_0068.jpg 1 4 10 68 68
0009_0052_0047_0039_0039.jpg 1 52 47 39 39
0010_0023_0017_0059_0059.jpg 1 23 17 59 59
0011_0007_0027_0066_0066.jpg 1 7 27 66 66
0012_0025_0031_0049_0049.jpg 1 25 31 49 49
0013_0028_0032_0050_0050.jpg 1 28 32 50 50
0014_0040_0060_0032_0032.jpg 1 40 60 32 32
0015_0021_0023_0061_0061.jpg 1 21 23 61 61
0016_0012_0014_0049_0049.jpg 1 12 14 49 49
0017_0008_0018_0041_0041.jpg 1 8 18 41 41
0018_0023_0032_0048_0048.jpg 1 23 32 48 48
0019_0019_0008_0069_0069.jpg 1 19 8 69 69
0020_0040_0045_0044_0044.jpg 1 40 45 44 44
0021_0017_0053_0030_0030.jpg 1 17 53 30 30
0022_0038_0016_0049_0049.jpg 1 38 16 49 49
0023_0013_0033_0044_0044.jpg 1 13 33 44 44
0024_0011_0007_0051_0051.jpg 1 11 7 51 51
0025_0014_0014_0068_0068.jpg 1 14 14 68 68
0026_0034_0007_0059_0059.jpg 1 34 7 59 59
0027_0018_0010_0064_0064.jpg 1 18 10 64 64
0028_0023_0025_0067_0067.jpg 1 23 25 67 67
0029_0010_0016_0067_0067.jpg 1 10 16 67 67
0030_0011_0015_0036_0036.jpg 1 11 15 36 36
0031_0010_0043_0037_0037.jpg 1 10 43 37 37
0032_0060_0053_0031_0031.jpg 1 60 53 31 31
0033_0033_0025_0044_0044.jpg 1 33 25 44 44
0034_0015_0049_0041_0041.jpg 1 15 49 41 41
0035_0006_0020_0056_0056.jpg 1 6 20 56 56
0036_0053_0030_0024_0024.jpg 1 53 30 24 24
0037_0026_0011_0044_0044.jpg 1 26 11 44 44
0038_0028_0006_0054_0054.jpg 1 28 6 54 54
0039_0017_0033_0042_0042.jpg 1 17 33 42 42
0040_0010_0008_0043_0043.jpg 1 10 8 43 43
0041_0041_0026_0050_0050.jpg 1 41 26 50 50
0042_0009_0012_0068_0068.jpg 1 9 12 68 68
0043_0033_0031_0060_0060.jpg 1 33 31 60 60
0044_0049_0041_0045_0045.jpg 1 49 41 45 45
0045_0019_0025_0049_0049.jpg 1 19 25 49 49
0046_0062_0021_0030_0030.jpg 1 62 21 30 30
0047_0043_0047_0047_0047.jpg 1 43 47 47 47
0048_0026_0022_0033_0033.jpg 1 26 22 33 33
0049_0016_0022_0048_0048.jpg 1 16 22 48 48
0050_0034_0032_0041_0041.jpg 1 34 32 41 41
0051_0049_0040_0030_0030.jpg 1 49 40 30 30
0052_0030_0027_0027_0027.jpg 1 30 27 27 27
0053_0010_0031_0039_0039.jpg 1 10 31 39 39
0054_0011_0017_0040_0040.jpg 1 11 17 40 40
0055_0029_0012_0059_0059.jpg 1 29 12 59 59
0056_0030_0025_0050_0050.jpg 1 30 25 50 50
0057_0004_0016_0065_0065.jpg 1 4 16 65 65
0058_0016_0021_0059_0059.jpg 1 16 21 59 59
0059_0051_0011_0040_0040.jpg 1 51 11 40 40
0060_0013_0025_0067_0067.jpg 1 13 25 67 67
0061_0017_0012_0068_0068.jpg 1 17 12 68 68
0062_0027_0029_0047_0047.jpg 1 27 29 47 47
0063_0029_0023_0064_0064.jpg 1 29 23 64 64
0064_0049_0018_0031_0031.jpg 1 49 18 31 31
0065_0016_0025_0069_0069.jpg 1 16 25 69 69
0066_0012_0022_0025_0025.jpg 1 12 22 25 25
0067_0023_0026_0031_0031.jpg 1 23 26 31 31
0068_0022_0011_0059_0059.jpg 1 22 11 59 59
0069_0013_0038_0056_0056.jpg 1 13 38 56 56
0070_0006_0007_0063_0063.jpg 1 6 7 63 63
0071_0005_0027_0060_0060.jpg 1 5 27 60 60
0072_0025_0011_0063_0063.jpg 1 25 11 63 63
0073_0021_0005_0068_0068.jpg 1 21 5 68 68
0074_0030_0014_0047_0047.jpg 1 30 14 47 47
0075_0037_0038_0034_0034.jpg 1 37 38 34 34
0076_0032_0023_0058_0058.jpg 1 32 23 58 58
0077_0005_0008_0069_0069.jpg 1 5 8 69 69
0078_0010_0032_0058_0058.jpg 1 10 32 58 58
0079_0013_0054_0038_0038.jpg 1 13 54 38 38
0080_0015_0018_0069_0069.jpg 1 15 18 69 69
0081_0030_0041_0029_0029.jpg 1 30 41 29 29
0082_0006_0014_0049_0049.jpg 1 6 14 49 49
0083_0026_0023_0069_0069.jpg 1 26 23 69 69
0084_0007_0038_0055_0055.jpg 1 7 38 55 55
0085_0034_0029_0045_0045.jpg 1 34 29 45 45
0086_0041_0025_0045_0045.jpg 1 41 25 45 45
0087_0010_0013_0055_0055.jpg 1 10 13 55 55
0088_0023_0048_0046_0046.jpg 1 23 48 46 46
0089_0007_0007_0057_0057.jpg 1 7 7 57 57
0090_0007_0043_0044_0044.jpg 1 7 43 44 44
0091_0008_0004_0064_0064.jpg 1 8 4 64 64
0092_0023_0032_0056_0056.jpg 1 23 32 56 56
0093_0030_0022_0048_0048.jpg 1 30 22 48 48
0094_0040_0032_0028_0028.jpg 1 40 32 28 28
0095_0032_0035_0045_0045.jpg 1 32 35 45 45
0096_0030_0011_0034_0034.jpg 1 30 11 34 34
0097_0039_0054_0024_0024.jpg 1 39 54 24 24
0098_0037_0011_0056_0056.jpg 1 37 11 56 56
0099_0030_0055_0036_0036.jpg 1 30 55 36 36
0100_0053_0049_0036_0036.jpg 1 53 49 36 36
0101_0020_0017_0069_0069.jpg 1 20 17 69 69
0102_0041_0007_0054_0054.jpg 1 41 7 54 54
0103_0026_0044_0025_0025.jpg 1 26 44 25 25
0104_0022_0028_0063_0063.jpg 1 22 28 63 63
0105_0026_0028_0045_0045.jpg 1 26 28 45 45
0106_0013_0007_0065_0065.jpg 1 13 7 65 65
0107_0035_0013_0042_0042.jpg 1 35 13 42 42
0108_0006_0011_0040_0040.jpg 1 6 11 40 40
0109_0008_0027_0039_0039.jpg 1 8 27 39 39
0110_0014_0047_0038_0038.jpg 1 14 47 38 38
0111_0054_0009_0034_0034.jpg 1 54 9 34 34
0112_0027_0006_0034_0034.jpg 1 27 6 34 34
0113_0015_0004_0060_0060.jpg 1 15 4 60 60
0114_0018_0025_0053_0053.jpg 1 18 25 53 53
0115_0039_0032_0048_0048.jpg 1 39 32 48 48
0116_0015_0006_0053_0053.jpg 1 15 6 53 53
0117_0027_0024_0052_0052.jpg 1 27 24 52 52
0118_0028_0029_0030_0030.jpg 1 28 29 30 30
0119_0016_0029_0038_0038.jpg 1 16 29 38 38
0120_0028_0034_0042_0042.jpg 1 28 34 42 42
0121_0010_0049_0036_0036.jpg 1 10 49 36 36
0122_0006_0016_0059_0059.jpg 1 6 16 59 59
0123_0013_0024_0067_0067.jpg 1 13 24 67 67
0124_0067_0030_0024_0024.jpg 1 67 30 24 24
0125_0014_0040_0046_0046.jpg 1 14 40 46 46
0126_0033_0037_0035_0035.jpg 1 33 37 35 35
0127_0004_0032_0055_0055.jpg 1 4 32 55 55
0128_0021_0012_0039_0039.jpg 1 21 12 39 39
0129_0032_0004_0051_0051.jpg 1 32 4 51 51
0130_0030_0038_0029_0029.jpg 1 30 38 29 29
0131_0029_0006_0056_0056.jpg 1 29 6 56 56
0132_0018_0058_0025_0025.jpg 1 18 58 25 25
0133_0047_0007_0037_0037.jpg 1 47 7 37 37
0134_0029_0025_0057_0057.jpg 1 29 25 57 57
0135_0005_0031_0056_0056.jpg 1 5 31 56 56
0136_0037_0006_0044_0044.jpg 1 37 6 44 44
0137_0042_0018_0044_0044.jpg 1 42 18 44 44
0138_0063_0010_0026_0026.jpg 1 63 10 26 26
0139_0043_0018_0033_0033.jpg 1 43 18 33 33
0140_0066_0010_0026_0026.jpg 1 66 10 26 26
0141_0035_0046_0047_0047.jpg 1 35 46 47 47
0142_0026_0008_0060_0060.jpg 1 26 8 60 60
0143_0011_0026_0041_0041.jpg 1 11 26 41 41
0144_0009_0013_0050_0050.jpg 1 9 13 50 50
0145_0015_0020_0043_0043.jpg 1 15 20 43 43
0146_0045_0031_0046_0046.jpg 1 45 31 46 46
0147_0012_0040_0053_0053.jpg 1 12 40 53 53
0148_0007_0009_0064_0064.jpg 1 7 9 64 64
0149_0024_0007_0048_0048.jpg 1 24 7 48 48
0150_0015_0018_0064_0064.jpg 1 15 18 64 64
0151_0010_0008_0053_0053.jpg 1 10 8 53 53
0152_0031_0013_0044_0044.jpg 1 31 13 44 44
0153_0023_0038_0042_0042.jpg 1 23 38 42 42
0154_0017_0007_0042_0042.jpg 1 17 7 42 42
0155_0035_0045_0045_0045.jpg 1 35 45 45 45
0156_0041_0024_0049_0049.jpg 1 41 24 49 49
0157_0033_0008_0039_0039.jpg 1 33 8 39 39
0158_0014_0006_0063_0063.jpg 1 14 6 63 63
0159_0041_0014_0026_0026.jpg 1 41 14 26 26
0160_0051_0018_0031_0031.jpg 1 51 18 31 31
0161_0031_0032_0047_0047.jpg 1 31 32 47 47
0162_0024_0050_0031_0031.jpg 1 24 50 31 31
0163_0049_0019_0034_0034.jpg 1 49 19 34 34
0164_0022_0023_0058_0058.jpg 1 22 23 58 58
0165_0006_0023_0041_0041.jpg 1 6 23 41 41
0166_0018_0031_0047_0047.jpg 1 18 31 47 47
0167_0025_0020_0063_0063.jpg 1 25 20 63 63
0168_0040_0029_0051_0051.jpg 1 40 29 51 51
0169_0032_0010_0053_0053.jpg 1 32 10 53 53
0170_0059_0040_0032_0032.jpg 1 59 40 32 32
0171_0038_0027_0046_0046.jpg 1 38 27 46 46
0172_0044_0015_0031_0031.jpg 1 44 15 31 31
0173_0026_0042_0033_0033.jpg 1 26 42 33 33
0174_0059_0056_0026_0026.jpg 1 59 56 26 26
0175_0021_0018_0050_0050.jpg 1 21 18 50 50
0176_0039_0033_0053_0053.jpg 1 39 33 53 53
0177_0032_0032_0031_0031.jpg 1 32 32 31 31
0178_0048_0045_0039_0039.jpg 1 48 45 39 39
0179_0054_0040_0026_0026.jpg 1 54 40 26 26
0180_0025_0048_0043_0043.jpg 1 25 48 43 43
0181_0017_0014_0034_0034.jpg 1 17 14 34 34
0182_0020_0014_0065_0065.jpg 1 20 14 65 65
0183_0030_0021_0064_0064.jpg 1 30 21 64 64
0184_0015_0013_0067_0067.jpg 1 15 13 67 67
0185_0026_0026_0051_0051.jpg 1 26 26 51 51
0186_0011_0041_0047_0047.jpg 1 11 41 47 47
0187_0038_0048_0029_0029.jpg 1 38 48 29 29
0188_0017_0032_0040_0040.jpg 1 17 32 40 40
0189_0010_0023_0048_0048.jpg 1 10 23 48 48
0190_0008_0048_0039_0039.jpg 1 8 48 39 39
0191_0016_0004_0059_0059.jpg 1 16 4 59 59
0192_0040_0031_0038_0038.jpg 1 40 31 38 38
0193_0058_0018_0027_0027.jpg 1 58 18 27 27
0194_0007_0022_0031_0031.jpg 1 7 22 31 31
0195_0013_0011_0030_0030.jpg 1 13 11 30 30
0196_0038_0006_0046_0046.jpg 1 38 6 46 46
0197_0026_0049_0042_0042.jpg 1 26 49 42 42
0198_0050_0042_0041_0041.jpg 1 50 42 41 41
0199_0013_0016_0033_0033.jpg 1 13 16 33 33
0200_0048_0013_0044_0044.jpg 1 48 13 44 44
0201_0045_0048_0040_0040.jpg 1 45 48 40 40
0202_0031_0042_0039_0039.jpg 1 31 42 39 39
0203_0010_0005_0055_0055.jpg 1 10 5 55 55
0204_0028_0024_0048_0048.jpg 1 28 24 48 48
0205_0025_0048_0042_0042.jpg 1 25 48 42 42
0206_0015_0023_0062_0062.jpg 1 15 23 62 62
0207_0005_0012_0053_0053.jpg 1 5 12 53 53
0208_0031_0013_0064_0064.jpg 1 31 13 64 64
0209_0032_0015_0041_0041.jpg 1 32 15 41 41
0210_0006_0008_0051_0051.jpg 1 6 8 51 51
0211_0062_0050_0027_0027.jpg 1 62 50 27 27
0212_0052_0051_0029_0029.jpg 1 52 51 29 29
0213_0032_0024_0063_0063.jpg 1 32 24 63 63
0214_0019_0023_0025_0025.jpg 1 19 23 25 25
0215_0011_0040_0029_0029.jpg 1 11 40 29 29
0216_0027_0010_0067_0067.jpg 1 27 10 67 67
0217_0009_0010_0059_0059.jpg 1 9 10 59 59
0218_0016_0007_0050_0050.jpg 1 16 7 50 50
0219_0040_0030_0032_0032.jpg 1 40 30 32 32
0220_0013_0024_0035_0035.jpg 1 13 24 35 35
0221_0048_0030_0044_0044.jpg 1 48 30 44 44
0222_0064_0060_0025_0025.jpg 1 64 60 25 25
0223_0030_0037_0031_0031.jpg 1 30 37 31 31
0224_0017_0011_0041_0041.jpg 1 17 11 41 41
0225_0018_0030_0060_0060.jpg 1 18 30 60 60
0226_0029_0039_0041_0041.jpg 1 29 39 41 41
0227_0032_0015_0039_0039.jpg 1 32 15 39 39
0228_0021_0035_0053_0053.jpg 1 21 35 53 53
0229_0031_0019_0064_0064.jpg 1 31 19 64 64
0230_0014_0033_0037_0037.jpg 1 14 33 37 37
0231_0022_0016_0037_0037.jpg 1 22 16 37 37
0232_0043_0009_0028_0028.jpg 1 43 9 28 28
0233_0017_0013_0051_0051.jpg 1 17 13 51 51
0234_0014_0020_0067_0067.jpg 1 14 20 67 67
0235_0025_0008_0064_0064.jpg 1 25 8 64 64
0236_0056_0044_0037_0037.jpg 1 56 44 37 37
0237_0025_0014_0059_0059.jpg 1 25 14 59 59
0238_0046_0032_0036_0036.jpg 1 46 32 36 36
0239_0012_0029_0061_0061.jpg 1 12 29 61 61
0240_0019_0020_0027_0027.jpg 1 19 20 27 27
0241_0045_0022_0047_0047.jpg 1 45 22 47 47
0242_0007_0054_0027_0027.jpg 1 7 54 27 27
0243_0040_0020_0024_0024.jpg 1 40 20 24 24
0244_0052_0066_0025_0025.jpg 1 52 66 25 25
0245_0040_0048_0043_0043.jpg 1 40 48 43 43
0246_0055_0015_0024_0024.jpg 1 55 15 24 24
0247_0049_0035_0027_0027.jpg 1 49 35 27 27
0248_0033_0013_0029_0029.jpg 1 33 13 29 29
0249_0051_0026_0025_0025.jpg 1 51 26 25 25
0250_0009_0032_0058_0058.jpg 1 9 32 58 58
0251_0041_0023_0042_0042.jpg 1 41 23 42 42
0252_0036_0031_0048_0048.jpg 1 36 31 48 48
0253_0013_0018_0065_0065.jpg 1 13 18 65 65
0254_0013_0043_0024_0024.jpg 1 13 43 24 24
0255_0029_0028_0039_0039.jpg 1 29 28 39 39
0256_0027_0014_0038_0038.jpg 1 27 14 38 38
0257_0020_0028_0043_0043.jpg 1 20 28 43 43
0258_0037_0052_0040_0040.jpg 1 37 52 40 40
0259_0054_0019_0039_0039.jpg 1 54 19 39 39
0260_0046_0021_0032_0032.jpg 1 46 21 32 32
0261_0026_0014_0065_0065.jpg 1 26 14 65 65
0262_0042_0035_0039_0039.jpg 1 42 35 39 39
0263_0014_0036_0024_0024.jpg 1 14 36 24 24
0264_0045_0010_0038_0038.jpg 1 45 10 38 38
0265_0011_0006_0035_0035.jpg 1 11 6 35 35
0266_0027_0019_0068_0068.jpg 1 27 19 68 68
0267_0035_0012_0055_0055.jpg 1 35 12 55 55
0268_0015_0018_0026_0026.jpg 1 15 18 26 26
0269_0019_0012_0059_0059.jpg 1 19 12 59 59
0270_0033_0012_0034_0034.jpg 1 33 12 34 34
0271_0006_0021_0052_0052.jpg 1 6 21 52 52
0272_0045_0039_0038_0038.jpg 1 45 39 38 38
0273_0010_0058_0033_0033.jpg 1 10 58 33 33
0274_0042_0026_0046_0046.jpg 1 42 26 46 46
0275_0015_0037_0058_0058.jpg 1 15 37 58 58
0276_0056_0050_0026_0026.jpg 1 56 50 26 26
0277_0038_0040_0054_0054.jpg 1 38 40 54 54
0278_0004_0018_0056_0056.jpg 1 4 18 56 56
0279_0052_0055_0029_0029.jpg 1 52 55 29 29
0280_0027_0029_0061_0061.jpg 1 27 29 61 61
0281_0026_0009_0060_0060.jpg 1 26 9 60 60
0282_0007_0020_0066_0066.jpg 1 7 20 66 66
0283_0054_0033_0029_0029.jpg 1 54 33 29 29
0284_0036_0048_0024_0024.jpg 1 36 48 24 24
0285_0008_0021_0030_0030.jpg 1 8 21 30 30
0286_0026_0005_0066_0066.jpg 1 26 5 66 66
0287_0037_0006_0056_0056.jpg 1 37 6 56 56
0288_0016_0051_0025_0025.jpg 1 16 51 25 25
0289_0006_0044_0044_0044.jpg 1 6 44 44 44
0290_0035_0017_0054_0054.jpg 1 35 17 54 54
0291_0038_0030_0057_0057.jpg 1 38 30 57 57
0292_0010_0018_0049_0049.jpg 1 10 18 49 49
0293_0060_0048_0033_0033.jpg 1 60 48 33 33
0294_0016_0036_0033_0033.jpg 1 16 36 33 33
0295_0018_0018_0025_0025.jpg 1 18 18 25 25
0296_0004_0011_0062_0062.jpg 1 4 11 62 62
0297_0055_0034_0026_0026.jpg 1 55 34 26 26
0298_0009_0015_0069_0069.jpg 1 9 15 69 69
0299_0035_0017_0059_0059.jpg 1 35 17 59 59
0300_0030_0020_0054_0054.jpg 1 30 20 54 54
0301_0047_0027_0043_0043.jpg 1 47 27 43 43
0302_0016_0023_0058_0058.jpg 1 16 23 58 58
0303_0007_0016_0044_0044.jpg 1 7 16 44 44
0304_0025_0018_0053_0053.jpg 1 25 18 53 53
0305_0036_0025_0027_0027.jpg 1 36 25 27 27
0306_0004_0018_0053_0053.jpg 1 4 18 53 53
0307_0022_0016_0061_0061.jpg 1 22 16 61 61
0308_0008_0040_0024_0024.jpg 1 8 40 24 24
0309_0017_0005_0066_0066.jpg 1 17 5 66 66
0310_0016_0031_0029_0029.jpg 1 16 31 29 29
0311_0012_0009_0032_0032.jpg 1 12 9 32 32
0312_0005_0012_0066_0066.jpg 1 5 12 66 66
0313_0049_0027_0040_0040.jpg 1 49 27 40 40
0314_0012_0013_0067_0067.jpg 1 12 13 67 67
0315_0043_0021_0034_0034.jpg 1 43 21 34 34
0316_0046_0015_0038_0038.jpg 1 46 15 38 38
0317_0024_0031_0045_0045.jpg 1 24 31 45 45
0318_0015_0018_0065_0065.jpg 1 15 18 65 65
0319_0040_0047_0041_0041.jpg 1 40 47 41 41
0320_0029_0030_0054_0054.jpg 1 29 30 54 54
0321_0037_0036_0051_0051.jpg 1 37 36 51 51
0322_0007_0015_0053_0053.jpg 1 7 15 53 53
0323_0032_0051_0036_0036.jpg 1 32 51 36 36
0324_0050_0029_0035_0035.jpg 1 50 29 35 35
0325_0036_0015_0050_0050.jpg 1 36 15 50 50
0326_0013_0040_0043_0043.jpg 1 13 40 43 43
0327_0029_0019_0030_0030.jpg 1 29 19 30 30
0328_0015_0035_0044_0044.jpg 1 15 35 44 44
0329_0009_0013_0066_0066.jpg 1 9 13 66 66
0330_0044_0047_0044_0044.jpg 1 44 47 44 44
0331_0007_0026_0039_0039.jpg 1 7 26 39 39
0332_0019_0013_0056_0056.jpg 1 19 13 56 56
0333_0019_0032_0060_0060.jpg 1 19 32 60 60
0334_0049_0038_0043_0043.jpg 1 49 38 43 43
0335_0038_0014_0028_0028.jpg 1 38 14 28 28
0336_0021_0033_0049_0049.jpg 1 21 33 49 49
0337_0024_0009_0068_0068.jpg 1 24 9 68 68
0338_0035_0010_0060_0060.jpg 1 35 10 60 60
0339_0034_0022_0037_0037.jpg 1 34 22 37 37
0340_0038_0009_0052_0052.jpg 1 38 9 52 52
0341_0054_0029_0035_0035.jpg 1 54 29 35 35
0342_0026_0053_0039_0039.jpg 1 26 53 39 39
0343_0026_0024_0053_0053.jpg 1 26 24 53 53
0344_0032_0012_0035_0035.jpg 1 32 12 35 35
0345_0036_0027_0049_0049.jpg 1 36 27 49 49
0346_0016_0010_0063_0063.jpg 1 16 10 63 63
0347_0036_0065_0026_0026.jpg 1 36 65 26 26
0348_0006_0013_0066_0066.jpg 1 6 13 66 66
0349_0031_0044_0046_0046.jpg 1 31 44 46 46
0350_0015_0010_0035_0035.jpg 1 15 10 35 35
0351_0054_0032_0029_0029.jpg 1 54 32 29 29
0352_0043_0015_0035_0035.jpg 1 43 15 35 35
0353_0027_0027_0067_0067.jpg 1 27 27 67 67
0354_0020_0023_0049_0049.jpg 1 20 23 49 49
0355_0029_0034_0026_0026.jpg 1 29 34 26 26
0356_0029_0044_0031_0031.jpg 1 29 44 31 31
0357_0012_0041_0052_0052.jpg 1 12 41 52 52
0358_0028_0021_0036_0036.jpg 1 28 21 36 36
0359_0035_0024_0047_0047.jpg 1 35 24 47 47
0360_0024_0015_0047_0047.jpg 1 24 15 47 47
0361_0030_0037_0046_0046.jpg 1 30 37 46 46
0362_0033_0012_0027_0027.jpg 1 33 12 27 27
0363_0037_0009_0058_0058.jpg 1 37 9 58 58
0364_0018_0034_0053_0053.jpg 1 18 34 53 53
0365_0023_0005_0053_0053.jpg 1 23 5 53 53
0366_0020_0024_0063_0063.jpg 1 20 24 63 63
0367_0021_0035_0040_0040.jpg 1 21 35 40 40
0368_0006_0025_0050_0050.jpg 1 6 25 50 50
0369_0024_0020_0050_0050.jpg 1 24 20 50 50
0370_0008_0023_0061_0061.jpg 1 8 23 61 61
0371_0016_0023_0035_0035.jpg 1 16 23 35 35
0372_0008_0028_0046_0046.jpg 1 8 28 46 46
0373_0006_0035_0059_0059.jpg 1 6 35 59 59
0374_0033_0033_0062_0062.jpg 1 33 33 62 62
0375_0032_0008_0045_0045.jpg 1 32 8 45 45
0376_0008_0053_0025_0025.jpg 1 8 53 25 25
0377_0020_0026_0048_0048.jpg 1 20 26 48 48
0378_0008_0029_0061_0061.jpg 1 8 29 61 61
0379_0025_0015_0063_0063.jpg 1 25 15 63 63
0380_0004_0023_0067_0067.jpg 1 4 23 67 67
0381_0027_0028_0043_0043.jpg 1 27 28 43 43
0382_0016_0022_0032_0032.jpg 1 16 22 32 32
0383_0024_0012_0044_0044.jpg 1 24 12 44 44
0384_0008_0011_0065_0065.jpg 1 8 11 65 65
0385_0010_0012_0037_0037.jpg 1 10 12 37 37
0386_0005_0034_0048_0048.jpg 1 5 34 48 48
0387_0029_0031_0056_0056.jpg 1 29 31 56 56
0388_0016_0007_0041_0041.jpg 1 16 7 41 41
0389_0013_0013_0067_0067.jpg 1 13 13 67 67
0390_0008_0015_0059_0059.jpg 1 8 15 59 59
0391_0035_0047_0027_0027.jpg 1 35 47 27 27
0392_0035_0032_0040_0040.jpg 1 35 32 40 40
0393_0015_0009_0067_0067.jpg 1 15 9 67 67
0394_0025_0011_0067_0067.jpg 1 25 11 67 67
0395_0021_0017_0027_0027.jpg 1 21 17 27 27
0396_0027_0025_0053_0053.jpg 1 27 25 53 53
0397_0010_0012_0047_0047.jpg 1 10 12 47 47
0398_0062_0029_0029_0029.jpg 1 62 29 29 29
0399_0055_0031_0024_0024.jpg 1 55 31 24 24
0400_0038_0021_0043_0043.jpg 1 38 21 43 43
0401_0031_0032_0058_0058.jpg 1 31 32 58 58
0402_0011_0029_0045_0045.jpg 1 11 29 45 45
0403_0024_0043_0032_0032.jpg 1 24 43 32 32
0404_0009_0015_0047_0047.jpg 1 9 15 47 47
0405_0047_0010_0025_0025.jpg 1 47 10 25 25
0406_0022_0019_0066_0066.jpg 1 22 19 66 66
0407_0007_0011_0055_0055.jpg 1 7 11 55 55
0408_0053_0045_0038_0038.jpg 1 53 45 38 38
0409_0009_0020_0030_0030.jpg 1 9 20 30 30
0410_0044_0043_0039_0039.jpg 1 44 43 39 39
0411_0054_0054_0031_0031.jpg 1 54 54 31 31
0412_0047_0048_0029_0029.jpg 1 47 48 29 29
0413_0053_0060_0025_0025.jpg 1 53 60 25 25
0414_0037_0029_0031_0031.jpg 1 37 29 31 31
0415_0030_0017_0047_0047.jpg 1 30 17 47 47
0416_0035_0030_0036_0036.jpg 1 35 30 36 36
0417_0050_0048_0039_0039.jpg 1 50 48 39 39
0418_0030_0019_0050_0050.jpg 1 30 19 50 50
0419_0026_0028_0038_0038.jpg 1 26 28 38 38
0420_0039_0047_0042_0042.jpg 1 39 47 42 42
0421_0029_0037_0052_0052.jpg 1 29 37 52 52
0422_0052_0052_0027_0027.jpg 1 52 52 27 27
0423_0041_0024_0046_0046.jpg 1 41 24 46 46
0424_0012_0023_0062_0062.jpg 1 12 23 62 62
0425_0042_0025_0050_0050.jpg 1 42 25 50 50
0426_0041_0022_0049_0049.jpg 1 41 22 49 49
0427_0050_0044_0025_0025.jpg 1 50 44 25 25
0428_0019_0007_0069_0069.jpg 1 19 7 69 69
0429_0034_0015_0038_0038.jpg 1 34 15 38 38
0430_0035_0008_0053_0053.jpg 1 35 8 53 53
0431_0044_0034_0041_0041.jpg 1 44 34 41 41
0432_0051_0043_0043_0043.jpg 1 51 43 43 43
0433_0034_0020_0057_0057.jpg 1 34 20 57 57
0434_0013_0014_0038_0038.jpg 1 13 14 38 38
0435_0025_0047_0046_0046.jpg 1 25 47 46 46
0436_0016_0009_0064_0064.jpg 1 16 9 64 64
0437_0020_0039_0045_0045.jpg 1 20 39 45 45
0438_0058_0053_0034_0034.jpg 1 58 53 34 34
0439_0041_0028_0025_0025.jpg 1 41 28 25 25
0440_0017_0011_0059_0059.jpg 1 17 11 59 59
0441_0035_0020_0045_0045.jpg 1 35 20 45 45
0442_0007_0027_0049_0049.jpg 1 7 27 49 49
0443_0016_0037_0045_0045.jpg 1 16 37 45 45
0444_0008_0045_0027_0027.jpg 1 8 45 27 27
0445_0017_0013_0056_0056.jpg 1 17 13 56 56
0446_0027_0036_0058_0058.jpg 1 27 36 58 58
0447_0013_0015_0041_0041.jpg 1 13 15 41 41
0448_0009_0009_0024_0024.jpg 1 9 9 24 24
0449_0010_0032_0039_0039.jpg 1 10 32 39 39
0450_0055_0040_0033_0033.jpg 1 55 40 33 33
0451_0034_0020_0033_0033.jpg 1 34 20 33 33
0452_0016_0017_0059_0059.jpg 1 16 17 59 59
0453_0036_0017_0047_0047.jpg 1 36 17 47 47
0454_0010_0033_0060_0060.jpg 1 10 33 60 60
0455_0015_0044_0041_0041.jpg 1 15 44 41 41
0456_0009_0025_0034_0034.jpg 1 9 25 34 34
0457_0039_0014_0043_0043.jpg 1 39 14 43 43
0458_0018_0020_0046_0046.jpg 1 18 20 46 46
0459_0033_0015_0032_0032.jpg 1 33 15 32 32
0460_0036_0037_0039_0039.jpg 1 36 37 39 39
0461_0019_0009_0038_0038.jpg 1 19 9 38 38
0462_0022_0025_0026_0026.jpg 1 22 25 26 26
0463_0021_0026_0041_0041.jpg 1 21 26 41 41
0464_0028_0038_0050_0050.jpg 1 28 38 50 50
0465_0027_0030_0061_0061.jpg 1 27 30 61 61
0466_0010_0007_0051_0051.jpg 1 10 7 51 51
0467_0026_0007_0042_0042.jpg 1 26 7 42 42
0468_0023_0006_0043_0043.jpg 1 23 6 43 43
0469_0011_0012_0056_0056.jpg 1 11 12 56 56
0470_0055_0033_0034_0034.jpg 1 55 33 34 34
0471_0032_0021_0055_0055.jpg 1 32 21 55 55
0472_0014_0012_0038_0038.jpg 1 14 12 38 38
0473_0007_0012_0056_0056.jpg 1 7 12 56 56
0474_0034_0020_0055_0055.jpg 1 34 20 55 55
0475_0018_0005_0055_0055.jpg 1 18 5 55 55
0476_0018_0039_0032_0032.jpg 1 18 39 32 32
0477_0012_0010_0059_0059.jpg 1 12 10 59 59
0478_0022_0031_0047_0047.jpg 1 22 31 47 47
0479_0016_0029_0027_0027.jpg 1 16 29 27 27
0480_0019_0009_0057_0057.jpg 1 19 9 57 57
0481_0031_0030_0047_0047.jpg 1 31 30 47 47
0482_0049_0020_0035_0035.jpg 1 49 20 35 35
0483_0045_0030_0035_0035.jpg 1 45 30 35 35
0484_0025_0038_0048_0048.jpg 1 25 38 48 48
0485_0012_0017_0054_0054.jpg 1 12 17 54 54
0486_0039_0021_0055_0055.jpg 1 39 21 55 55
0487_0020_0029_0027_0027.jpg 1 20 29 27 27
0488_0012_0014_0067_0067.jpg 1 12 14 67 67
0489_0051_0044_0028_0028.jpg 1 51 44 28 28
0490_0045_0022_0027_0027.jpg 1 45 22 27 27
0491_0043_0006_0047_0047.jpg 1 43 6 47 47
0492_0035_0037_0032_0032.jpg 1 35 37 32 32
0493_0015_0031_0051_0051.jpg 1 15 31 51 51
0494_0031_0004_0062_0062.jpg 1 31 4 62 62
0495_0008_0030_0058_0058.jpg 1 8 30 58 58
0496_0009_0033_0033_0033.jpg 1 9 33 33 33
0497_0010_0033_0052_0052.jpg 1 10 33 52 52
0498_0039_0041_0041_0041.jpg 1 39 41 41 41
0499_0014_0041_0029_0029.jpg 1 14 41 29 29
0500_0023_0054_0038_0038.jpg 1 23 54 38 38
0501_0014_0063_0028_0028.jpg 1 14 63 28 28
0502_0021_0006_0056_0056.jpg 1 21 6 56 56
0503_0042_0013_0046_0046.jpg 1 42 13 46 46
0504_0024_0016_0033_0033.jpg 1 24 16 33 33
0505_0007_0008_0052_0052.jpg 1 7 8 52 52
0506_0016_0021_0048_0048.jpg 1 16 21 48 48
0507_0006_0041_0041_0041.jpg 1 6 41 41 41
0508_0026_0039_0054_0054.jpg 1 26 39 54 54
0509_0043_0015_0048_0048.jpg 1 43 15 48 48
0510_0024_0006_0047_0047.jpg 1 24 6 47 47
0511_0059_0052_0027_0027.jpg 1 59 52 27 27
0512_0009_0026_0065_0065.jpg 1 9 26 65 65
0513_0025_0015_0063_0063.jpg 1 25 15 63 63
0514_0028_0039_0050_0050.jpg 1 28 39 50 50
0515_0042_0014_0047_0047.jpg 1 42 14 47 47
0516_0030_0007_0057_0057.jpg 1 30 7 57 57
0517_0041_0017_0037_0037.jpg 1 41 17 37 37
0518_0014_0010_0060_0060.jpg 1 14 10 60 60
0519_0013_0010_0045_0045.jpg 1 13 10 45 45
0520_0049_0023_0036_0036.jpg 1 49 23 36 36
0521_0004_0023_0069_0069.jpg 1 4 23 69 69
0522_0020_0011_0066_0066.jpg 1 20 11 66 66
0523_0041_0024_0047_0047.jpg 1 41 24 47 47
0524_0038_0016_0050_0050.jpg 1 38 16 50 50
0525_0033_0008_0028_0028.jpg 1 33 8 28 28
0526_0039_0019_0047_0047.jpg 1 39 19 47 47
0527_0051_0010_0038_0038.jpg 1 51 10 38 38
0528_0020_0009_0069_0069.jpg 1 20 9 69 69
0529_0059_0017_0031_0031.jpg 1 59 17 31 31
0530_0015_0042_0036_0036.jpg 1 15 42 36 36
0531_0038_0023_0054_0054.jpg 1 38 23 54 54
0532_0007_0042_0050_0050.jpg 1 7 42 50 50
0533_0020_0024_0026_0026.jpg 1 20 24 26 26
0534_0037_0046_0028_0028.jpg 1 37 46 28 28
0535_0021_0008_0067_0067.jpg 1 21 8 67 67
0536_0018_0010_0052_0052.jpg 1 18 10 52 52
0537_0011_0025_0059_0059.jpg 1 11 25 59 59
0538_0018_0030_0042_0042.jpg 1 18 30 42 42
0539_0014_0039_0051_0051.jpg 1 14 39 51 51
0540_0015_0009_0051_0051.jpg 1 15 9 51 51
0541_0058_0033_0033_0033.jpg 1 58 33 33 33
0542_0029_0050_0035_0035.jpg 1 29 50 35 35
0543_0016_0014_0067_0067.jpg 1 16 14 67 67
0544_0012_0016_0065_0065.jpg 1 12 16 65 65
0545_0022_0009_0069_0069.jpg 1 22 9 69 69
0546_0046_0015_0030_0030.jpg 1 46 15 30 30
0547_0012_0012_0066_0066.jpg 1 12 12 66 66
0548_0019_0010_0025_0025.jpg 1 19 10 25 25
0549_0012_0019_0065_0065.jpg 1 12 19 65 65
0550_0006_0011_0066_0066.jpg 1 6 11 66 66
0551_0053_0049_0026_0026.jpg 1 53 49 26 26
0552_0050_0043_0031_0031.jpg 1 50 43 31 31
0553_0025_0016_0040_0040.jpg 1 25 16 40 40
0554_0020_0024_0062_0062.jpg 1 20 24 62 62
0555_0026_0020_0051_0051.jpg 1 26 20 51 51
0556_0036_0016_0040_0040.jpg 1 36 16 40 40
0557_0018_0014_0024_0024.jpg 1 18 14 24 24
0558_0012_0019_0061_0061.jpg 1 12 19 61 61
0559_0056_0008_0036_0036.jpg 1 56 8 36 36
0560_0029_0022_0040_0040.jpg 1 29 22 40 40
0561_0051_0032_0037_0037.jpg 1 51 32 37 37
0562_0003_0021_0065_0065.jpg 1 3 21 65 65
0563_0008_0040_0051_0051.jpg 1 8 40 51 51
0564_0028_0025_0066_0066.jpg 1 28 25 66 66
0565_0024_0009_0061_0061.jpg 1 24 9 61 61
0566_0025_0016_0042_0042.jpg 1 25 16 42 42
0567_0055_0023_0034_0034.jpg 1 55 23 34 34
0568_0012_0008_0034_0034.jpg 1 12 8 34 34
0569_0042_0033_0026_0026.jpg 1 42 33 26 26
0570_0032_0052_0041_0041.jpg 1 32 52 41 41
0571_0016_0040_0052_0052.jpg 1 16 40 52 52
0572_0015_0023_0055_0055.jpg 1 15 23 55 55
0573_0028_0019_0067_0067.jpg 1 28 19 67 67
0574_0050_0026_0034_0034.jpg 1 50 26 34 34
0575_0029_0020_0064_0064.jpg 1 29 20 64 64
0576_0008_0053_0034_0034.jpg 1 8 53 34 34
0577_0042_0023_0043_0043.jpg 1 42 23 43 43
0578_0035_0008_0047_0047.jpg 1 35 8 47 47
0579_0040_0021_0052_0052.jpg 1 40 21 52 52
0580_0022_0006_0067_0067.jpg 1 22 6 67 67
0581_0051_0011_0034_0034.jpg 1 51 11 34 34
0582_0042_0014_0047_0047.jpg 1 42 14 47 47
0583_0032_0038_0057_0057.jpg 1 32 38 57 57
0584_0047_0027_0037_0037.jpg 1 47 27 37 37
0585_0039_0060_0032_0032.jpg 1 39 60 32 32
0586_0031_0030_0060_0060.jpg 1 31 30 60 60
0587_0039_0034_0054_0054.jpg 1 39 34 54 54
0588_0041_0033_0047_0047.jpg 1 41 33 47 47
0589_0017_0005_0054_0054.jpg 1 17 5 54 54
0590_0011_0042_0039_0039.jpg 1 11 42 39 39
0591_0048_0028_0042_0042.jpg 1 48 28 42 42
0592_0020_0035_0047_0047.jpg 1 20 35 47 47
0593_0040_0039_0027_0027.jpg 1 40 39 27 27
0594_0025_0010_0036_0036.jpg 1 25 10 36 36
0595_0010_0005_0058_0058.jpg 1 10 5 58 58
0596_0029_0036_0040_0040.jpg 1 29 36 40 40
0597_0041_0026_0043_0043.jpg 1 41 26 43 43
0598_0040_0009_0054_0054.jpg 1 40 9 54 54
0599_0024_0029_0047_0047.jpg 1 24 29 47 47
0600_0027_0005_0056_0056.jpg 1 27 5 56 56
0601_0038_0012_0048_0048.jpg 1 38 12 48 48
0602_0038_0007_0037_0037.jpg 1 38 7 37 37
0603_0060_0059_0031_0031.jpg 1 60 59 31 31
0604_0040_0041_0030_0030.jpg 1 40 41 30 30
0605_0015_0039_0043_0043.jpg 1 15 39 43 43
0606_0033_0026_0034_0034.jpg 1 33 26 34 34
0607_0048_0047_0031_0031.jpg 1 48 47 31 31
0608_0037_0034_0051_0051.jpg 1 37 34 51 51
0609_0021_0007_0062_0062.jpg 1 21 7 62 62
0610_0047_0048_0042_0042.jpg 1 47 48 42 42
0611_0041_0037_0035_0035.jpg 1 41 37 35 35
0612_0027_0031_0036_0036.jpg 1 27 31 36 36
0613_0046_0020_0043_0043.jpg 1 46 20 43 43
0614_0026_0021_0062_0062.jpg 1 26 21 62 62
0615_0020_0052_0024_0024.jpg 1 20 52 24 24
0616_0037_0014_0039_0039.jpg 1 37 14 39 39
0617_0006_0016_0055_0055.jpg 1 6 16 55 55
0618_0053_0022_0040_0040.jpg 1 53 22 40 40
0619_0022_0014_0047_0047.jpg 1 22 14 47 47
0620_0058_0047_0028_0028.jpg 1 58 47 28 28
0621_0030_0024_0062_0062.jpg 1 30 24 62 62
0622_0023_0055_0033_0033.jpg 1 23 55 33 33
0623_0034_0022_0042_0042.jpg 1 34 22 42 42
0624_0055_0051_0028_0028.jpg 1 55 51 28 28
0625_0039_0062_0027_0027.jpg 1 39 62 27 27
0626_0033_0032_0053_0053.jpg 1 33 32 53 53
0627_0039_0034_0052_0052.jpg 1 39 34 52 52
0628_0010_0036_0052_0052.jpg 1 10 36 52 52
0629_0046_0026_0042_0042.jpg 1 46 26 42 42
0630_0055_0026_0036_0036.jpg 1 55 26 36 36
0631_0025_0022_0052_0052.jpg 1 25 22 52 52
0632_0053_0007_0032_0032.jpg 1 53 7 32 32
0633_0014_0008_0069_0069.jpg 1 14 8 69 69
0634_0036_0018_0055_0055.jpg 1 36 18 55 55
0635_0018_0029_0064_0064.jpg 1 18 29 64 64
0636_0025_0017_0047_0047.jpg 1 25 17 47 47
0637_0013_0030_0055_0055.jpg 1 13 30 55 55
0638_0030_0045_0037_0037.jpg 1 30 45 37 37
0639_0034_0007_0056_0056.jpg 1 34 7 56 56
0640_0007_0050_0034_0034.jpg 1 7 50 34 34
0641_0017_0014_0060_0060.jpg 1 17 14 60 60
0642_0022_0015_0068_0068.jpg 1 22 15 68 68
0643_0040_0059_0027_0027.jpg 1 40 59 27 27
0644_0027_0028_0064_0064.jpg 1 27 28 64 64
0645_0027_0005_0051_0051.jpg 1 27 5 51 51
0646_0047_0015_0043_0043.jpg 1 47 15 43 43
0647_0016_0004_0053_0053.jpg 1 16 4 53 53
0648_0021_0029_0050_0050.jpg 1 21 29 50 50
0649_0031_0026_0045_0045.jpg 1 31 26 45 45
0650_0034_0011_0055_0055.jpg 1 34 11 55 55
0651_0041_0019_0038_0038.jpg 1 41 19 38 38
0652_0041_0031_0032_0032.jpg 1 41 31 32 32
0653_0005_0034_0060_0060.jpg 1 5 34 60 60
0654_0037_0020_0041_0041.jpg 1 37 20 41 41
0655_0046_0016_0039_0039.jpg 1 46 16 39 39
0656_0015_0029_0061_0061.jpg 1 15 29 61 61
0657_0016_0026_0045_0045.jpg 1 16 26 45 45
0658_0053_0016_0035_0035.jpg 1 53 16 35 35
0659_0053_0022_0040_0040.jpg 1 53 22 40 40
0660_0028_0034_0050_0050.jpg 1 28 34 50 50
0661_0014_0043_0046_0046.jpg 1 14 43 46 46
0662_0004_0025_0067_0067.jpg 1 4 25 67 67
0663_0009_0020_0054_0054.jpg 1 9 20 54 54
0664_0011_0009_0053_0053.jpg 1 11 9 53 53
0665_0022_0047_0047_0047.jpg 1 22 47 47 47
0666_0011_0066_0024_0024.jpg 1 11 66 24 24
0667_0049_0038_0031_0031.jpg 1 49 38 31 31
0668_0027_0020_0056_0056.jpg 1 27 20 56 56
0669_0060_0062_0025_0025.jpg 1 60 62 25 25
0670_0027_0005_0048_0048.jpg 1 27 5 48 48
0671_0042_0016_0049_0049.jpg 1 42 16 49 49
0672_0014_0009_0059_0059.jpg 1 14 9 59 59
0673_0035_0012_0044_0044.jpg 1 35 12 44 44
0674_0013_0027_0066_0066.jpg 1 13 27 66 66
0675_0033_0033_0062_0062.jpg 1 33 33 62 62
0676_0013_0016_0067_0067.jpg 1 13 16 67 67
0677_0006_0023_0053_0053.jpg 1 6 23 53 53
0678_0034_0015_0059_0059.jpg 1 34 15 59 59
0679_0015_0035_0053_0053.jpg 1 15 35 53 53
0680_0003_0010_0064_0064.jpg 1 3 10 64 64
0681_0011_0030_0064_0064.jpg 1 11 30 64 64
0682_0007_0018_0024_0024.jpg 1 7 18 24 24
0683_0038_0022_0050_0050.jpg 1 38 22 50 50
0684_0015_0021_0046_0046.jpg 1 15 21 46 46
0685_0012_0021_0068_0068.jpg 1 12 21 68 68
0686_0034_0030_0061_0061.jpg 1 34 30 61 61
0687_0039_0038_0049_0049.jpg 1 39 38 49 49
0688_0036_0016_0043_0043.jpg 1 36 16 43 43
0689_0024_0019_0060_0060.jpg 1 24 19 60 60
0690_0048_0024_0025_0025.jpg 1 48 24 25 25
0691_0008_0041_0028_0028.jpg 1 8 41 28 28
0692_0045_0045_0031_0031.jpg 1 45 45 31 31
0693_0028_0024_0060_0060.jpg 1 28 24 60 60
0694_0016_0017_0063_0063.jpg 1 16 17 63 63
0695_0019_0008_0025_0025.jpg 1 19 8 25 25
0696_0033_0018_0037_0037.jpg 1 33 18 37 37
0697_0004_0018_0064_0064.jpg 1 4 18 64 64
0698_0059_0012_0034_0034.jpg 1 59 12 34 34
0699_0019_0038_0032_0032.jpg 1 19 38 32 32
0700_0027_0024_0052_0052.jpg 1 27 24 52 52
0701_0022_0009_0068_0068.jpg 1 22 9 68 68
0702_0040_0028_0026_0026.jpg 1 40 28 26 26
0703_0009_0005_0055_0055.jpg 1 9 5 55 55
0704_0036_0019_0049_0049.jpg 1 36 19 49 49
0705_0036_0008_0051_0051.jpg 1 36 8 51 51
0706_0054_0021_0039_0039.jpg 1 54 21 39 39
0707_0019_0053_0025_0025.jpg 1 19 53 25 25
0708_0060_0035_0026_0026.jpg 1 60 35 26 26
0709_0014_0026_0058_0058.jpg 1 14 26 58 58
0710_0017_0011_0028_0028.jpg 1 17 11 28 28
0711_0009_0028_0027_0027.jpg 1 9 28 27 27
0712_0041_0052_0035_0035.jpg 1 41 52 35 35
0713_0007_0012_0038_0038.jpg 1 7 12 38 38
0714_0025_0020_0029_0029.jpg 1 25 20 29 29
0715_0029_0007_0061_0061.jpg 1 29 7 61 61
0716_0031_0038_0030_0030.jpg 1 31 38 30 30
0717_0008_0016_0066_0066.jpg 1 8 16 66 66
0718_0009_0028_0062_0062.jpg 1 9 28 62 62
0719_0006_0008_0058_0058.jpg 1 6 8 58 58
0720_0025_0033_0034_0034.jpg 1 25 33 34 34
0721_0021_0011_0032_0032.jpg 1 21 11 32 32
0722_0024_0005_0069_0069.jpg 1 24 5 69 69
0723_0012_0019_0059_0059.jpg 1 12 19 59 59
0724_0049_0043_0040_0040.jpg 1 49 43 40 40
0725_0054_0031_0038_0038.jpg 1 54 31 38 38
0726_0007_0017_0038_0038.jpg 1 7 17 38 38
0727_0052_0045_0029_0029.jpg 1 52 45 29 29
0728_0019_0012_0068_0068.jpg 1 19 12 68 68
0729_0017_0016_0069_0069.jpg 1 17 16 69 69
0730_0015_0030_0061_0061.jpg 1 15 30 61 61
0731_0027_0007_0062_0062.jpg 1 27 7 62 62
0732_0010_0047_0044_0044.jpg 1 10 47 44 44
0733_0009_0032_0058_0058.jpg 1 9 32 58 58
0734_0039_0031_0053_0053.jpg 1 39 31 53 53
0735_0005_0033_0053_0053.jpg 1 5 33 53 53
0736_0022_0029_0046_0046.jpg 1 22 29 46 46
0737_0052_0009_0033_0033.jpg 1 52 9 33 33
0738_0021_0026_0049_0049.jpg 1 21 26 49 49
0739_0039_0029_0044_0044.jpg 1 39 29 44 44
0740_0038_0018_0055_0055.jpg 1 38 18 55 55
0741_0016_0021_0059_0059.jpg 1 16 21 59 59
0742_0011_0020_0044_0044.jpg 1 11 20 44 44
0743_0006_0029_0056_0056.jpg 1 6 29 56 56
0744_0010_0016_0063_0063.jpg 1 10 16 63 63
0745_0016_0016_0048_0048.jpg 1 16 16 48 48
0746_0047_0014_0044_0044.jpg 1 47 14 44 44
0747_0042_0012_0031_0031.jpg 1 42 12 31 31
0748_0037_0036_0025_0025.jpg 1 37 36 25 25
0749_0035_0011_0059_0059.jpg 1 35 11 59 59
0750_0055_0030_0026_0026.jpg 1 55 30 26 26
0751_0019_0018_0066_0066.jpg 1 19 18 66 66
0752_0023_0005_0056_0056.jpg 1 23 5 56 56
0753_0012_0010_0037_0037.jpg 1 12 10 37 37
0754_0047_0014_0039_0039.jpg 1 47 14 39 39
0755_0044_0006_0046_0046.jpg 1 44 6 46 46
0756_0013_0023_0058_0058.jpg 1 13 23 58 58
0757_0007_0007_0063_0063.jpg 1 7 7 63 63
0758_0004_0007_0056_0056.jpg 1 4 7 56 56
0759_0012_0024_0058_0058.jpg 1 12 24 58 58
0760_0008_0031_0033_0033.jpg 1 8 31 33 33
0761_0048_0006_0045_0045.jpg 1 48 6 45 45
0762_0014_0017_0069_0069.jpg 1 14 17 69 69
0763_0007_0014_0033_0033.jpg 1 7 14 33 33
0764_0015_0035_0046_0046.jpg 1 15 35 46 46
0765_0020_0030_0024_0024.jpg 1 20 30 24 24
0766_0027_0011_0035_0035.jpg 1 27 11 35 35
0767_0024_0029_0058_0058.jpg 1 24 29 58 58
0768_0014_0020_0066_0066.jpg 1 14 20 66 66
0769_0020_0018_0055_0055.jpg 1 20 18 55 55
0770_0012_0015_0064_0064.jpg 1 12 15 64 64
0771_0063_0025_0027_0027.jpg 1 63 25 27 27
0772_0016_0024_0054_0054.jpg 1 16 24 54 54
0773_0018_0049_0025_0025.jpg 1 18 49 25 25
0774_0041_0019_0031_0031.jpg 1 41 19 31 31
0775_0031_0040_0053_0053.jpg 1 31 40 53 53
0776_0041_0008_0026_0026.jpg 1 41 8 26 26
0777_0053_0044_0035_0035.jpg 1 53 44 35 35
0778_0048_0062_0025_0025.jpg 1 48 62 25 25
0779_0022_0025_0038_0038.jpg 1 22 25 38 38
0780_0016_0010_0056_0056.jpg 1 16 10 56 56
0781_0007_0036_0055_0055.jpg 1 7 36 55 55
0782_0030_0022_0054_0054.jpg 1 30 22 54 54
0783_0011_0033_0051_0051.jpg 1 11 33 51 51
0784_0019_0057_0029_0029.jpg 1 19 57 29 29
0785_0014_0039_0053_0053.jpg 1 14 39 53 53
0786_0018_0041_0041_0041.jpg 1 18 41 41 41
0787_0021_0030_0037_0037.jpg 1 21 30 37 37
0788_0036_0025_0054_0054.jpg 1 36 25 54 54
0789_0027_0004_0068_0068.jpg 1 27 4 68 68
0790_0035_0012_0053_0053.jpg 1 35 12 53 53
0791_0022_0029_0061_0061.jpg 1 22 29 61 61
0792_0015_0023_0054_0054.jpg 1 15 23 54 54
0793_0024_0030_0043_0043.jpg 1 24 30 43 43
0794_0040_0011_0040_0040.jpg 1 40 11 40 40
0795_0027_0027_0040_0040.jpg 1 27 27 40 40
0796_0018_0007_0029_0029.jpg 1 18 7 29 29
0797_0007_0015_0039_0039.jpg 1 7 15 39 39
0798_0055_0017_0038_0038.jpg 1 55 17 38 38
0799_0028_0045_0025_0025.jpg 1 28 45 25 25
0800_0033_0048_0043_0043.jpg 1 33 48 43 43
0801_0032_0010_0062_0062.jpg 1 32 10 62 62
0802_0023_0017_0068_0068.jpg 1 23 17 68 68
0803_0012_0007_0066_0066.jpg 1 12 7 66 66
0804_0022_0035_0054_0054.jpg 1 22 35 54 54
0805_0031_0048_0039_0039.jpg 1 31 48 39 39
0806_0033_0024_0037_0037.jpg 1 33 24 37 37
0807_0019_0035_0061_0061.jpg 1 19 35 61 61
0808_0006_0004_0065_0065.jpg 1 6 4 65 65
0809_0017_0028_0048_0048.jpg 1 17 28 48 48
0810_0013_0034_0037_0037.jpg 1 13 34 37 37
0811_0060_0038_0029_0029.jpg 1 60 38 29 29
0812_0031_0021_0063_0063.jpg 1 31 21 63 63
0813_0008_0019_0052_0052.jpg 1 8 19 52 52
0814_0041_0012_0046_0046.jpg 1 41 12 46 46
0815_0019_0009_0035_0035.jpg 1 19 9 35 35
0816_0039_0026_0034_0034.jpg 1 39 26 34 34
0817_0040_0025_0052_0052.jpg 1 40 25 52 52
0818_0015_0042_0032_0032.jpg 1 15 42 32 32
0819_0005_0010_0060_0060.jpg 1 5 10 60 60
0820_0032_0049_0042_0042.jpg 1 32 49 42 42
0821_0017_0044_0045_0045.jpg 1 17 44 45 45
0822_0031_0012_0064_0064.jpg 1 31 12 64 64
0823_0017_0027_0056_0056.jpg 1 17 27 56 56
0824_0015_0012_0068_0068.jpg 1 15 12 68 68
0825_0008_0011_0044_0044.jpg 1 8 11 44 44
0826_0025_0015_0064_0064.jpg 1 25 15 64 64
0827_0046_0052_0026_0026.jpg 1 46 52 26 26
0828_0049_0035_0041_0041.jpg 1 49 35 41 41
0829_0033_0039_0047_0047.jpg 1 33 39 47 47
0830_0025_0025_0046_0046.jpg 1 25 25 46 46
0831_0011_0023_0065_0065.jpg 1 11 23 65 65
0832_0013_0034_0060_0060.jpg 1 13 34 60 60
0833_0009_0010_0050_0050.jpg 1 9 10 50 50
0834_0005_0038_0055_0055.jpg 1 5 38 55 55
0835_0008_0006_0052_0052.jpg 1 8 6 52 52
0836_0013_0044_0049_0049.jpg 1 13 44 49 49
0837_0033_0035_0055_0055.jpg 1 33 35 55 55
0838_0017_0031_0059_0059.jpg 1 17 31 59 59
0839_0048_0013_0037_0037.jpg 1 48 13 37 37
0840_0007_0041_0042_0042.jpg 1 7 41 42 42
0841_0021_0031_0042_0042.jpg 1 21 31 42 42
0842_0044_0045_0045_0045.jpg 1 44 45 45 45
0843_0014_0041_0044_0044.jpg 1 14 41 44 44
0844_0048_0012_0042_0042.jpg 1 48 12 42 42
0845_0055_0028_0034_0034.jpg 1 55 28 34 34
0846_0026_0017_0048_0048.jpg 1 26 17 48 48
0847_0039_0051_0042_0042.jpg 1 39 51 42 42
0848_0047_0026_0039_0039.jpg 1 47 26 39 39
0849_0045_0052_0031_0031.jpg 1 45 52 31 31
0850_0012_0058_0034_0034.jpg 1 12 58 34 34
0851_0019_0058_0034_0034.jpg 1 19 58 34 34
0852_0039_0019_0045_0045.jpg 1 39 19 45 45
0853_0006_0010_0063_0063.jpg 1 6 10 63 63
0854_0037_0056_0033_0033.jpg 1 37 56 33 33
0855_0014_0023_0038_0038.jpg 1 14 23 38 38
0856_0008_0033_0040_0040.jpg 1 8 33 40 40
0857_0009_0011_0063_0063.jpg 1 9 11 63 63
0858_0044_0015_0044_0044.jpg 1 44 15 44 44
0859_0023_0005_0059_0059.jpg 1 23 5 59 59
0860_0018_0033_0049_0049.jpg 1 18 33 49 49
0861_0009_0032_0046_0046.jpg 1 9 32 46 46
0862_0020_0010_0030_0030.jpg 1 20 10 30 30
0863_0030_0048_0040_0040.jpg 1 30 48 40 40
0864_0045_0033_0034_0034.jpg 1 45 33 34 34
0865_0012_0061_0025_0025.jpg 1 12 61 25 25
0866_0048_0023_0035_0035.jpg 1 48 23 35 35
0867_0005_0010_0056_0056.jpg 1 5 10 56 56
0868_0009_0004_0060_0060.jpg 1 9 4 60 60
0869_0034_0022_0052_0052.jpg 1 34 22 52 52
0870_0006_0021_0069_0069.jpg 1 6 21 69 69
0871_0031_0009_0063_0063.jpg 1 31 9 63 63
0872_0030_0030_0059_0059.jpg 1 30 30 59 59
0873_0021_0028_0063_0063.jpg 1 21 28 63 63
0874_0028_0031_0059_0059.jpg 1 28 31 59 59
0875_0006_0028_0051_0051.jpg 1 6 28 51 51
0876_0012_0035_0043_0043.jpg 1 12 35 43 43
0877_0011_0011_0043_0043.jpg 1 11 11 43 43
0878_0055_0042_0024_0024.jpg 1 55 42 24 24
0879_0014_0027_0057_0057.jpg 1 14 27 57 57
0880_0014_0010_0059_0059.jpg 1 14 10 59 59
0881_0013_0007_0069_0069.jpg 1 13 7 69 69
0882_0043_0041_0039_0039.jpg 1 43 41 39 39
0883_0012_0011_0053_0053.jpg 1 12 11 53 53
0884_0006_0022_0042_0042.jpg 1 6 22 42 42
0885_0017_0036_0054_0054.jpg 1 17 36 54 54
0886_0007_0034_0058_0058.jpg 1 7 34 58 58
0887_0026_0020_0042_0042.jpg 1 26 20 42 42
0888_0014_0043_0048_0048.jpg 1 14 43 48 48
0889_0008_0006_0069_0069.jpg 1 8 6 69 69
0890_0038_0040_0049_0049.jpg 1 38 40 49 49
0891_0019_0013_0057_0057.jpg 1 19 13 57 57
0892_0017_0036_0031_0031.jpg 1 17 36 31 31
0893_0065_0045_0027_0027.jpg 1 65 45 27 27
0894_0043_0010_0024_0024.jpg 1 43 10 24 24
0895_0007_0030_0061_0061.jpg 1 7 30 61 61
0896_0019_0019_0027_0027.jpg 1 19 19 27 27
0897_0008_0021_0030_0030.jpg 1 8 21 30 30
0898_0021_0006_0051_0051.jpg 1 21 6 51 51
0899_0051_0009_0027_0027.jpg 1 51 9 27 27
0900_0013_0034_0038_0038.jpg 1 13 34 38 38
0901_0021_0052_0035_0035.jpg 1 21 52 35 35
0902_0022_0041_0047_0047.jpg 1 22 41 47 47
0903_0011_0035_0029_0029.jpg 1 11 35 29 29
0904_0004_0019_0062_0062.jpg 1 4 19 62 62
0905_0009_0009_0068_0068.jpg 1 9 9 68 68
0906_0046_0026_0047_0047.jpg 1 46 26 47 47
0907_0005_0007_0069_0069.jpg 1 5 7 69 69
0908_0019_0007_0069_0069.jpg 1 19 7 69 69
0909_0023_0036_0040_0040.jpg 1 23 36 40 40
0910_0038_0025_0048_0048.jpg 1 38 25 48 48
0911_0010_0017_0047_0047.jpg 1 10 17 47 47
0912_0049_0041_0034_0034.jpg 1 49 41 34 34
0913_0055_0025_0026_0026.jpg 1 55 25 26 26
0914_0006_0024_0046_0046.jpg 1 6 24 46 46
0915_0031_0011_0054_0054.jpg 1 31 11 54 54
0916_0044_0021_0050_0050.jpg 1 44 21 50 50
0917_0030_0048_0027_0027.jpg 1 30 48 27 27
0918_0015_0026_0054_0054.jpg 1 15 26 54 54
0919_0012_0057_0035_0035.jpg 1 12 57 35 35
0920_0044_0011_0039_0039.jpg 1 44 11 39 39
0921_0028_0027_0055_0055.jpg 1 28 27 55 55
0922_0030_0049_0045_0045.jpg 1 30 49 45 45
0923_0010_0026_0063_0063.jpg 1 10 26 63 63
0924_0059_0042_0028_0028.jpg 1 59 42 28 28
0925_0013_0036_0048_0048.jpg 1 13 36 48 48
0926_0051_0030_0026_0026.jpg 1 51 30 26 26
0927_0019_0006_0065_0065.jpg 1 19 6 65 65
0928_0052_0028_0039_0039.jpg 1 52 28 39 39
0929_0006_0025_0051_0051.jpg 1 6 25 51 51
0930_0054_0050_0030_0030.jpg 1 54 50 30 30
0931_0021_0007_0065_0065.jpg 1 21 7 65 65
0932_0024_0029_0057_0057.jpg 1 24 29 57 57
0933_0007_0019_0061_0061.jpg 1 7 19 61 61
0934_0004_0005_0069_0069.jpg 1 4 5 69 69
0935_0008_0042_0053_0053.jpg 1 8 42 53 53
0936_0020_0012_0055_0055.jpg 1 20 12 55 55
0937_0020_0044_0038_0038.jpg 1 20 44 38 38
0938_0032_0041_0046_0046.jpg 1 32 41 46 46
0939_0008_0031_0054_0054.jpg 1 8 31 54 54
0940_0031_0027_0063_0063.jpg 1 31 27 63 63
0941_0010_0031_0050_0050.jpg 1 10 31 50 50
0942_0032_0021_0049_0049.jpg 1 32 21 49 49
0943_0022_0003_0068_0068.jpg 1 22 3 68 68
0944_0033_0021_0041_0041.jpg 1 33 21 41 41
0945_0055_0060_0026_0026.jpg 1 55 60 26 26
0946_0005_0022_0063_0063.jpg 1 5 22 63 63
0947_0063_0044_0025_0025.jpg 1 63 44 25 25
0948_0021_0039_0046_0046.jpg 1 21 39 46 46
0949_0013_0019_0057_0057.jpg 1 13 19 57 57
0950_0018_0025_0057_0057.jpg 1 18 25 57 57
0951_0012_0016_0045_0045.jpg 1 12 16 45 45
0952_0045_0017_0046_0046.jpg 1 45 17 46 46
0953_0036_0035_0027_0027.jpg 1 36 35 27 27
0954_0019_0034_0041_0041.jpg 1 19 34 41 41
0955_0037_0025_0024_0024.jpg 1 37 25 24 24
0956_0034_0033_0057_0057.jpg 1 34 33 57 57
0957_0028_0031_0054_0054.jpg 1 28 31 54 54
0958_0014_0031_0055_0055.jpg 1 14 31 55 55
0959_0009_0037_0055_0055.jpg 1 9 37 55 55
0960_0017_0031_0031_0031.jpg 1 17 31 31 31
0961_0037_0022_0042_0042.jpg 1 37 22 42 42
0962_0005_0014_0058_0058.jpg 1 5 14 58 58
0963_0036_0020_0055_0055.jpg 1 36 20 55 55
0964_0031_0028_0050_0050.jpg 1 31 28 50 50
0965_0012_0017_0056_0056.jpg 1 12 17 56 56
0966_0023_0020_0069_0069.jpg 1 23 20 69 69
0967_0038_0032_0043_0043.jpg 1 38 32 43 43
0968_0028_0048_0035_0035.jpg 1 28 48 35 35
0969_0013_0024_0057_0057.jpg 1 13 24 57 57
0970_0008_0043_0043_0043.jpg 1 8 43 43 43
0971_0004_0030_0057_0057.jpg 1 4 30 57 57
0972_0032_0039_0040_0040.jpg 1 32 39 40 40
0973_0041_0032_0027_0027.jpg 1 41 32 27 27
0974_0009_0045_0046_0046.jpg 1 9 45 46 46
0975_0011_0016_0060_0060.jpg 1 11 16 60 60
0976_0022_0020_0067_0067.jpg 1 22 20 67 67
0977_0011_0005_0067_0067.jpg 1 11 5 67 67
0978_0012_0014_0036_0036.jpg 1 12 14 36 36
0979_0017_0009_0030_0030.jpg 1 17 9 30 30
0980_0065_0028_0026_0026.jpg 1 65 28 26 26
0981_0045_0064_0028_0028.jpg 1 45 64 28 28
0982_0012_0035_0052_0052.jpg 1 12 35 52 52
0983_0023_0012_0055_0055.jpg 1 23 12 55 55
0984_0018_0018_0068_0068.jpg 1 18 18 68 68
0985_0005_0026_0057_0057.jpg 1 5 26 57 57
0986_0022_0011_0028_0028.jpg 1 22 11 28 28
0987_0037_0014_0054_0054.jpg 1 37 14 54 54
0988_0013_0006_0062_0062.jpg 1 13 6 62 62
0989_0022_0009_0055_0055.jpg 1 22 9 55 55
0990_0042_0036_0036_0036.jpg 1 42 36 36 36
0991_0032_0030_0051_0051.jpg 1 32 30 51 51
0992_0015_0034_0055_0055.jpg 1 15 34 55 55
0993_0013_0023_0065_0065.jpg 1 13 23 65 65
0994_0034_0024_0033_0033.jpg 1 34 24 33 33
0995_0007_0012_0062_0062.jpg 1 7 12 62 62
0996_0028_0025_0063_0063.jpg 1 28 25 63 63
0997_0029_0059_0024_0024.jpg 1 29 59 24 24
0998_0019_0013_0036_0036.jpg 1 19 13 36 36
0999_0027_0031_0044_0044.jpg 1 27 31 44 44
1000_0015_0038_0057_0057.jpg 1 15 38 57 57
1001_0007_0047_0046_0046.jpg 1 7 47 46 46
1002_0036_0039_0024_0024.jpg 1 36 39 24 24
1003_0057_0018_0024_0024.jpg 1 57 18 24 24
1004_0034_0030_0061_0061.jpg 1 34 30 61 61
1005_0044_0040_0043_0043.jpg 1 44 40 43 43
1006_0020_0032_0056_0056.jpg 1 20 32 56 56
1007_0062_0055_0030_0030.jpg 1 62 55 30 30
1008_0016_0026_0063_0063.jpg 1 16 26 63 63
1009_0011_0041_0035_0035.jpg 1 11 41 35 35
1010_0024_0029_0054_0054.jpg 1 24 29 54 54
1011_0016_0012_0065_0065.jpg 1 16 12 65 65
1012_0047_0010_0027_0027.jpg 1 47 10 27 27
1013_0050_0013_0032_0032.jpg 1 50 13 32 32
1014_0023_0024_0033_0033.jpg 1 23 24 33 33
1015_0029_0004_0059_0059.jpg 1 29 4 59 59
1016_0022_0026_0068_0068.jpg 1 22 26 68 68
1017_0011_0042_0049_0049.jpg 1 11 42 49 49
1018_0036_0034_0053_0053.jpg 1 36 34 53 53
1019_0026_0019_0068_0068.jpg 1 26 19 68 68
1020_0026_0058_0025_0025.jpg 1 26 58 25 25
1021_0016_0017_0048_0048.jpg 1 16 17 48 48
1022_0006_0024_0068_0068.jpg 1 6 24 68 68
1023_0018_0051_0032_0032.jpg 1 18 51 32 32
1024_0047_0053_0034_0034.jpg 1 47 53 34 34
1025_0011_0034_0061_0061.jpg 1 11 34 61 61
1026_0007_0010_0057_0057.jpg 1 7 10 57 57
1027_0025_0029_0055_0055.jpg 1 25 29 55 55
1028_0023_0052_0039_0039.jpg 1 23 52 39 39
1029_0009_0018_0066_0066.jpg 1 9 18 66 66
1030_0029_0012_0059_0059.jpg 1 29 12 59 59
1031_0007_0007_0036_0036.jpg 1 7 7 36 36
1032_0015_0049_0035_0035.jpg 1 15 49 35 35
1033_0038_0046_0024_0024.jpg 1 38 46 24 24
1034_0026_0030_0066_0066.jpg 1 26 30 66 66
1035_0016_0020_0053_0053.jpg 1 16 20 53 53
1036_0047_0026_0030_0030.jpg 1 47 26 30 30
1037_0021_0030_0037_0037.jpg 1 21 30 37 37
1038_0029_0014_0063_0063.jpg 1 29 14 63 63
1039_0008_0019_0046_0046.jpg 1 8 19 46 46
1040_0020_0022_0051_0051.jpg 1 20 22 51 51
1041_0039_0011_0049_0049.jpg 1 39 11 49 49
1042_0038_0031_0037_0037.jpg 1 38 31 37 37
1043_0036_0006_0054_0054.jpg 1 36 6 54 54
1044_0013_0007_0040_0040.jpg 1 13 7 40 40
1045_0008_0034_0046_0046.jpg 1 8 34 46 46
1046_0041_0037_0033_0033.jpg 1 41 37 33 33
1047_0009_0008_0054_0054.jpg 1 9 8 54 54
1048_0048_0046_0025_0025.jpg 1 48 46 25 25
1049_0035_0035_0039_0039.jpg 1 35 35 39 39
1050_0018_0056_0036_0036.jpg 1 18 56 36 36
1051_0007_0027_0057_0057.jpg 1 7 27 57 57
1052_0038_0012_0057_0057.jpg 1 38 12 57 57
1053_0015_0021_0058_0058.jpg 1 15 21 58 58
1054_0027_0011_0067_0067.jpg 1 27 11 67 67
1055_0007_0023_0050_0050.jpg 1 7 23 50 50
1056_0034_0030_0029_0029.jpg 1 34 30 29 29
1057_0045_0045_0032_0032.jpg 1 45 45 32 32
1058_0018_0014_0067_0067.jpg 1 18 14 67 67
1059_0013_0005_0060_0060.jpg 1 13 5 60 60
1060_0004_0030_0057_0057.jpg 1 4 30 57 57
1061_0049_0007_0043_0043.jpg 1 49 7 43 43
1062_0014_0013_0061_0061.jpg 1 14 13 61 61
1063_0019_0028_0025_0025.jpg 1 19 28 25 25
1064_0021_0017_0069_0069.jpg 1 21 17 69 69
1065_0024_0009_0067_0067.jpg 1 24 9 67 67
1066_0017_0032_0059_0059.jpg 1 17 32 59 59
1067_0014_0037_0039_0039.jpg 1 14 37 39 39
1068_0026_0010_0068_0068.jpg 1 26 10 68 68
1069_0004_0025_0067_0067.jpg 1 4 25 67 67
1070_0013_0020_0064_0064.jpg 1 13 20 64 64
1071_0049_0036_0028_0028.jpg 1 49 36 28 28
1072_0008_0013_0029_0029.jpg 1 8 13 29 29
1073_0023_0033_0053_0053.jpg 1 23 33 53 53
1074_0028_0020_0067_0067.jpg 1 28 20 67 67
1075_0044_0030_0049_0049.jpg 1 44 30 49 49
1076_0024_0017_0057_0057.jpg 1 24 17 57 57
1077_0028_0052_0031_0031.jpg 1 28 52 31 31
1078_0013_0057_0036_0036.jpg 1 13 57 36 36
1079_0033_0012_0036_0036.jpg 1 33 12 36 36
1080_0043_0029_0027_0027.jpg 1 43 29 27 27
1081_0014_0045_0047_0047.jpg 1 14 45 47 47
1082_0027_0005_0066_0066.jpg 1 27 5 66 66
1083_0038_0029_0047_0047.jpg 1 38 29 47 47
1084_0006_0024_0066_0066.jpg 1 6 24 66 66
1085_0023_0034_0060_0060.jpg 1 23 34 60 60
1086_0020_0024_0029_0029.jpg 1 20 24 29 29
1087_0006_0006_0068_0068.jpg 1 6 6 68 68
1088_0009_0006_0064_0064.jpg 1 9 6 64 64
1089_0014_0042_0047_0047.jpg 1 14 42 47 47
1090_0055_0007_0031_0031.jpg 1 55 7 31 31
1091_0010_0007_0066_0066.jpg 1 10 7 66 66
1092_0028_0046_0048_0048.jpg 1 28 46 48 48
1093_0008_0011_0051_0051.jpg 1 8 11 51 51
1094_0025_0023_0034_0034.jpg 1 25 23 34 34
1095_0016_0018_0068_0068.jpg 1 16 18 68 68
1096_0047_0039_0026_0026.jpg 1 47 39 26 26
1097_0029_0025_0049_0049.jpg 1 29 25 49 49
1098_0046_0036_0039_0039.jpg 1 46 36 39 39
1099_0010_0004_0061_0061.jpg 1 10 4 61 61
1100_0049_0021_0040_0040.jpg 1 49 21 40 40
1101_0037_0027_0038_0038.jpg 1 37 27 38 38
1102_0031_0024_0050_0050.jpg 1 31 24 50 50
1103_0034_0008_0052_0052.jpg 1 34 8 52 52
1104_0024_0015_0032_0032.jpg 1 24 15 32 32
1105_0011_0014_0062_0062.jpg 1 11 14 62 62
1106_0007_0027_0051_0051.jpg 1 7 27 51 51
1107_0017_0022_0048_0048.jpg 1 17 22 48 48
1108_0011_0023_0038_0038.jpg 1 11 23 38 38
1109_0019_0037_0048_0048.jpg 1 19 37 48 48
1110_0030_0009_0065_0065.jpg 1 30 9 65 65
1111_0034_0043_0045_0045.jpg 1 34 43 45 45
1112_0057_0051_0035_0035.jpg 1 57 51 35 35
1113_0040_0009_0043_0043.jpg 1 40 9 43 43
1114_0008_0027_0038_0038.jpg 1 8 27 38 38
1115_0025_0030_0040_0040.jpg 1 25 30 40 40
1116_0036_0023_0055_0055.jpg 1 36 23 55 55
1117_0019_0024_0033_0033.jpg 1 19 24 33 33
1118_0013_0015_0024_0024.jpg 1 13 15 24 24
1119_0026_0035_0054_0054.jpg 1 26 35 54 54
1120_0013_0041_0050_0050.jpg 1 13 41 50 50
1121_0028_0058_0035_0035.jpg 1 28 58 35 35
1122_0015_0010_0053_0053.jpg 1 15 10 53 53
1123_0033_0009_0041_0041.jpg 1 33 9 41 41
1124_0038_0034_0057_0057.jpg 1 38 34 57 57
1125_0018_0006_0061_0061.jpg 1 18 6 61 61
1126_0022_0006_0062_0062.jpg 1 22 6 62 62
1127_0036_0012_0044_0044.jpg 1 36 12 44 44
1128_0039_0023_0056_0056.jpg 1 39 23 56 56
1129_0017_0039_0033_0033.jpg 1 17 39 33 33
1130_0028_0025_0065_0065.jpg 1 28 25 65 65
1131_0013_0013_0067_0067.jpg 1 13 13 67 67
1132_0018_0026_0058_0058.jpg 1 18 26 58 58
1133_0050_0020_0028_0028.jpg 1 50 20 28 28
1134_0016_0005_0058_0058.jpg 1 16 5 58 58
1135_0031_0026_0037_0037.jpg 1 31 26 37 37
1136_0048_0043_0031_0031.jpg 1 48 43 31 31
1137_0029_0019_0026_0026.jpg 1 29 19 26 26
1138_0017_0008_0045_0045.jpg 1 17 8 45 45
1139_0004_0018_0069_0069.jpg 1 4 18 69 69
1140_0042_0054_0035_0035.jpg 1 42 54 35 35
1141_0017_0031_0052_0052.jpg 1 17 31 52 52
1142_0016_0053_0039_0039.jpg 1 16 53 39 39
1143_0008_0006_0067_0067.jpg 1 8 6 67 67
1144_0028_0010_0058_0058.jpg 1 28 10 58 58
1145_0010_0022_0027_0027.jpg 1 10 22 27 27
1146_0012_0016_0068_0068.jpg 1 12 16 68 68
1147_0020_0063_0026_0026.jpg 1 20 63 26 26
1148_0007_0057_0028_0028.jpg 1 7 57 28 28
1149_0013_0027_0062_0062.jpg 1 13 27 62 62
1150_0047_0017_0036_0036.jpg 1 47 17 36 36
1151_0020_0022_0038_0038.jpg 1 20 22 38 38
1152_0032_0006_0054_0054.jpg 1 32 6 54 54
1153_0007_0051_0042_0042.jpg 1 7 51 42 42
1154_0051_0063_0028_0028.jpg 1 51 63 28 28
1155_0047_0029_0034_0034.jpg 1 47 29 34 34
1156_0009_0007_0060_0060.jpg 1 9 7 60 60
1157_0017_0049_0035_0035.jpg 1 17 49 35 35
1158_0016_0036_0035_0035.jpg 1 16 36 35 35
1159_0037_0016_0039_0039.jpg 1 37 16 39 39
1160_0048_0041_0042_0042.jpg 1 48 41 42 42
1161_0025_0041_0047_0047.jpg 1 25 41 47 47
1162_0003_0017_0062_0062.jpg 1 3 17 62 62
1163_0026_0008_0029_0029.jpg 1 26 8 29 29
1164_0026_0011_0059_0059.jpg 1 26 11 59 59
1165_0024_0010_0024_0024.jpg 1 24 10 24 24
1166_0003_0013_0069_0069.jpg 1 3 13 69 69
1167_0047_0007_0045_0045.jpg 1 47 7 45 45
1168_0015_0047_0027_0027.jpg 1 15 47 27 27
1169_0013_0017_0063_0063.jpg 1 13 17 63 63
1170_0052_0014_0029_0029.jpg 1 52 14 29 29
1171_0017_0038_0055_0055.jpg 1 17 38 55 55
1172_0012_0004_0062_0062.jpg 1 12 4 62 62
1173_0025_0027_0033_0033.jpg 1 25 27 33 33
1174_0019_0031_0041_0041.jpg 1 19 31 41 41
1175_0043_0031_0038_0038.jpg 1 43 31 38 38
1176_0023_0021_0047_0047.jpg 1 23 21 47 47
1177_0027_0015_0033_0033.jpg 1 27 15 33 33
1178_0036_0049_0025_0025.jpg 1 36 49 25 25
1179_0052_0037_0032_0032.jpg 1 52 37 32 32
1180_0059_0064_0024_0024.jpg 1 59 64 24 24
1181_0024_0039_0030_0030.jpg 1 24 39 30 30
1182_0006_0029_0056_0056.jpg 1 6 29 56 56
1183_0011_0022_0038_0038.jpg 1 11 22 38 38
1184_0040_0034_0030_0030.jpg 1 40 34 30 30
1185_0018_0006_0058_0058.jpg 1 18 6 58 58
1186_0018_0012_0062_0062.jpg 1 18 12 62 62
1187_0020_0011_0046_0046.jpg 1 20 11 46 46
1188_0029_0027_0027_0027.jpg 1 29 27 27 27
1189_0022_0010_0057_0057.jpg 1 22 10 57 57
1190_0010_0017_0050_0050.jpg 1 10 17 50 50
1191_0044_0019_0029_0029.jpg 1 44 19 29 29
1192_0040_0019_0033_0033.jpg 1 40 19 33 33
1193_0020_0006_0048_0048.jpg 1 20 6 48 48
1194_0023_0018_0029_0029.jpg 1 23 18 29 29
1195_0022_0024_0066_0066.jpg 1 22 24 66 66
1196_0013_0030_0049_0049.jpg 1 13 30 49 49
1197_0018_0017_0063_0063.jpg 1 18 17 63 63
1198_0020_0033_0058_0058.jpg 1 20 33 58 58
1199_0048_0043_0038_0038.jpg 1 48 43 38 38
1200_0030_0032_0038_0038.jpg 1 30 32 38 38
1201_0062_0015_0027_0027.jpg 1 62 15 27 27
1202_0020_0051_0031_0031.jpg 1 20 51 31 31
1203_0029_0027_0045_0045.jpg 1 29 27 45 45
1204_0041_0049_0025_0025.jpg 1 41 49 25 25
1205_0031_0008_0044_0044.jpg 1 31 8 44 44
1206_0031_0053_0024_0024.jpg 1 31 53 24 24
1207_0009_0023_0026_0026.jpg 1 9 23 26 26
1208_0051_0010_0030_0030.jpg 1 51 10 30 30
1209_0013_0032_0058_0058.jpg 1 13 32 58 58
1210_0043_0041_0043_0043.jpg 1 43 41 43 43
1211_0003_0027_0068_0068.jpg 1 3 27 68 68
1212_0015_0010_0034_0034.jpg 1 15 10 34 34
1213_0018_0033_0052_0052.jpg 1 18 33 52 52
1214_0043_0019_0046_0046.jpg 1 43 19 46 46
1215_0025_0010_0065_0065.jpg 1 25 10 65 65
1216_0017_0011_0042_0042.jpg 1 17 11 42 42
1217_0008_0055_0025_0025.jpg 1 8 55 25 25
1218_0048_0022_0025_0025.jpg 1 48 22 25 25
1219_0015_0014_0065_0065.jpg 1 15 14 65 65
1220_0017_0035_0037_0037.jpg 1 17 35 37 37
1221_0042_0024_0037_0037.jpg 1 42 24 37 37
1222_0013_0012_0068_0068.jpg 1 13 12 68 68
1223_0020_0016_0052_0052.jpg 1 20 16 52 52
1224_0035_0022_0045_0045.jpg 1 35 22 45 45
1225_0025_0042_0052_0052.jpg 1 25 42 52 52
1226_0045_0037_0046_0046.jpg 1 45 37 46 46
1227_0033_0016_0062_0062.jpg 1 33 16 62 62
1228_0020_0020_0039_0039.jpg 1 20 20 39 39
1229_0020_0057_0035_0035.jpg 1 20 57 35 35
1230_0019_0015_0062_0062.jpg 1 19 15 62 62
1231_0010_0032_0058_0058.jpg 1 10 32 58 58
1232_0057_0023_0034_0034.jpg 1 57 23 34 34
1233_0010_0065_0027_0027.jpg 1 10 65 27 27
1234_0032_0033_0051_0051.jpg 1 32 33 51 51
1235_0039_0045_0027_0027.jpg 1 39 45 27 27
1236_0017_0010_0064_0064.jpg 1 17 10 64 64
1237_0042_0042_0041_0041.jpg 1 42 42 41 41
1238_0036_0012_0026_0026.jpg 1 36 12 26 26
1239_0031_0031_0051_0051.jpg 1 31 31 51 51
1240_0039_0051_0026_0026.jpg 1 39 51 26 26
1241_0022_0020_0062_0062.jpg 1 22 20 62 62
1242_0013_0021_0054_0054.jpg 1 13 21 54 54
1243_0018_0021_0069_0069.jpg 1 18 21 69 69
1244_0023_0014_0046_0046.jpg 1 23 14 46 46
1245_0017_0060_0028_0028.jpg 1 17 60 28 28
1246_0022_0032_0063_0063.jpg 1 22 32 63 63
1247_0013_0028_0039_0039.jpg 1 13 28 39 39
1248_0033_0030_0045_0045.jpg 1 33 30 45 45
1249_0036_0038_0040_0040.jpg 1 36 38 40 40
1250_0030_0038_0040_0040.jpg 1 30 38 40 40
1251_0015_0011_0054_0054.jpg 1 15 11 54 54
1252_0007_0015_0051_0051.jpg 1 7 15 51 51
1253_0021_0022_0027_0027.jpg 1 21 22 27 27
1254_0014_0021_0064_0064.jpg 1 14 21 64 64
1255_0007_0028_0035_0035.jpg 1 7 28 35 35
1256_0026_0008_0057_0057.jpg 1 26 8 57 57
1257_0051_0007_0024_0024.jpg 1 51 7 24 24
1258_0021_0009_0068_0068.jpg 1 21 9 68 68
1259_0008_0027_0061_0061.jpg 1 8 27 61 61
1260_0006_0020_0039_0039.jpg 1 6 20 39 39
1261_0030_0005_0062_0062.jpg 1 30 5 62 62
1262_0037_0041_0043_0043.jpg 1 37 41 43 43
1263_0008_0021_0052_0052.jpg 1 8 21 52 52
1264_0013_0031_0049_0049.jpg 1 13 31 49 49
1265_0011_0029_0059_0059.jpg 1 11 29 59 59
1266_0013_0059_0025_0025.jpg 1 13 59 25 25
1267_0039_0027_0051_0051.jpg 1 39 27 51 51
1268_0014_0035_0047_0047.jpg 1 14 35 47 47
1269_0048_0009_0038_0038.jpg 1 48 9 38 38
1270_0038_0056_0033_0033.jpg 1 38 56 33 33
1271_0018_0020_0069_0069.jpg 1 18 20 69 69
1272_0025_0025_0057_0057.jpg 1 25 25 57 57
1273_0017_0023_0033_0033.jpg 1 17 23 33 33
1274_0060_0017_0031_0031.jpg 1 60 17 31 31
1275_0015_0048_0040_0040.jpg 1 15 48 40 40
1276_0020_0027_0065_0065.jpg 1 20 27 65 65
1277_0046_0021_0034_0034.jpg 1 46 21 34 34
1278_0020_0016_0055_0055.jpg 1 20 16 55 55
1279_0044_0043_0043_0043.jpg 1 44 43 43 43
1280_0043_0024_0024_0024.jpg 1 43 24 24 24
1281_0020_0043_0030_0030.jpg 1 20 43 30 30
1282_0040_0033_0048_0048.jpg 1 40 33 48 48
1283_0022_0034_0059_0059.jpg 1 22 34 59 59
1284_0016_0016_0066_0066.jpg 1 16 16 66 66
1285_0045_0058_0025_0025.jpg 1 45 58 25 25
1286_0016_0019_0044_0044.jpg 1 16 19 44 44
1287_0022_0021_0044_0044.jpg 1 22 21 44 44
1288_0042_0050_0043_0043.jpg 1 42 50 43 43
1289_0013_0003_0067_0067.jpg 1 13 3 67 67
1290_0015_0025_0044_0044.jpg 1 15 25 44 44
1291_0054_0047_0030_0030.jpg 1 54 47 30 30
1292_0005_0022_0067_0067.jpg 1 5 22 67 67
1293_0026_0012_0067_0067.jpg 1 26 12 67 67
1294_0021_0005_0064_0064.jpg 1 21 5 64 64
1295_0027_0017_0063_0063.jpg 1 27 17 63 63
1296_0024_0043_0045_0045.jpg 1 24 43 45 45
1297_0018_0022_0036_0036.jpg 1 18 22 36 36
1298_0042_0024_0039_0039.jpg 1 42 24 39 39
1299_0064_0033_0025_0025.jpg 1 64 33 25 25
1300_0017_0037_0029_0029.jpg 1 17 37 29 29
1301_0043_0023_0044_0044.jpg 1 43 23 44 44
1302_0019_0031_0041_0041.jpg 1 19 31 41 41
1303_0035_0040_0048_0048.jpg 1 35 40 48 48
1304_0021_0028_0061_0061.jpg 1 21 28 61 61
1305_0020_0022_0043_0043.jpg 1 20 22 43 43
1306_0038_0041_0039_0039.jpg 1 38 41 39 39
1307_0026_0017_0046_0046.jpg 1 26 17 46 46
1308_0034_0036_0036_0036.jpg 1 34 36 36 36
1309_0030_0033_0057_0057.jpg 1 30 33 57 57
1310_0021_0028_0061_0061.jpg 1 21 28 61 61
1311_0063_0047_0024_0024.jpg 1 63 47 24 24
1312_0043_0007_0050_0050.jpg 1 43 7 50 50
1313_0051_0028_0039_0039.jpg 1 51 28 39 39
1314_0021_0007_0055_0055.jpg 1 21 7 55 55
1315_0016_0021_0063_0063.jpg 1 16 21 63 63
1316_0059_0042_0033_0033.jpg 1 59 42 33 33
1317_0006_0034_0043_0043.jpg 1 6 34 43 43
1318_0023_0012_0033_0033.jpg 1 23 12 33 33
1319_0028_0051_0042_0042.jpg 1 28 51 42 42
1320_0027_0009_0068_0068.jpg 1 27 9 68 68
1321_0039_0032_0056_0056.jpg 1 39 32 56 56
1322_0043_0052_0036_0036.jpg 1 43 52 36 36
1323_0020_0016_0064_0064.jpg 1 20 16 64 64
1324_0010_0027_0055_0055.jpg 1 10 27 55 55
1325_0013_0039_0050_0050.jpg 1 13 39 50 50
1326_0013_0018_0067_0067.jpg 1 13 18 67 67
1327_0028_0028_0068_0068.jpg 1 28 28 68 68
1328_0014_0026_0040_0040.jpg 1 14 26 40 40
1329_0006_0030_0042_0042.jpg 1 6 30 42 42
1330_0008_0029_0065_0065.jpg 1 8 29 65 65
1331_0034_0066_0025_0025.jpg 1 34 66 25 25
1332_0040_0020_0041_0041.jpg 1 40 20 41 41
1333_0028_0028_0055_0055.jpg 1 28 28 55 55
1334_0034_0039_0037_0037.jpg 1 34 39 37 37
1335_0050_0026_0034_0034.jpg 1 50 26 34 34
1336_0024_0050_0039_0039.jpg 1 24 50 39 39
1337_0018_0063_0027_0027.jpg 1 18 63 27 27
1338_0013_0042_0051_0051.jpg 1 13 42 51 51
1339_0043_0011_0025_0025.jpg 1 43 11 25 25
1340_0044_0037_0039_0039.jpg 1 44 37 39 39
1341_0025_0029_0028_0028.jpg 1 25 29 28 28
1342_0021_0005_0068_0068.jpg 1 21 5 68 68
1343_0025_0030_0061_0061.jpg 1 25 30 61 61
1344_0055_0009_0034_0034.jpg 1 55 9 34 34
1345_0023_0043_0050_0050.jpg 1 23 43 50 50
1346_0029_0028_0064_0064.jpg 1 29 28 64 64
1347_0060_0018_0029_0029.jpg 1 60 18 29 29
1348_0020_0030_0048_0048.jpg 1 20 30 48 48
1349_0014_0033_0061_0061.jpg 1 14 33 61 61
1350_0037_0023_0028_0028.jpg 1 37 23 28 28
1351_0030_0015_0040_0040.jpg 1 30 15 40 40
1352_0021_0031_0060_0060.jpg 1 21 31 60 60
1353_0013_0019_0059_0059.jpg 1 13 19 59 59
1354_0004_0029_0058_0058.jpg 1 4 29 58 58
1355_0012_0017_0027_0027.jpg 1 12 17 27 27
1356_0054_0063_0025_0025.jpg 1 54 63 25 25
1357_0010_0012_0069_0069.jpg 1 10 12 69 69
1358_0023_0041_0045_0045.jpg 1 23 41 45 45
1359_0043_0018_0026_0026.jpg 1 43 18 26 26
1360_0054_0015_0037_0037.jpg 1 54 15 37 37
1361_0029_0008_0043_0043.jpg 1 29 8 43 43
1362_0025_0019_0068_0068.jpg 1 25 19 68 68
1363_0047_0009_0039_0039.jpg 1 47 9 39 39
1364_0004_0026_0068_0068.jpg 1 4 26 68 68
1365_0010_0025_0055_0055.jpg 1 10 25 55 55
1366_0016_0005_0064_0064.jpg 1 16 5 64 64
1367_0019_0054_0029_0029.jpg 1 19 54 29 29
1368_0022_0009_0044_0044.jpg 1 22 9 44 44
1369_0008_0032_0055_0055.jpg 1 8 32 55 55
1370_0051_0059_0029_0029.jpg 1 51 59 29 29
1371_0025_0025_0055_0055.jpg 1 25 25 55 55
1372_0033_0025_0059_0059.jpg 1 33 25 59 59
1373_0012_0024_0068_0068.jpg 1 12 24 68 68
1374_0012_0039_0039_0039.jpg 1 12 39 39 39
1375_0039_0018_0026_0026.jpg 1 39 18 26 26
1376_0015_0014_0068_0068.jpg 1 15 14 68 68
1377_0009_0041_0028_0028.jpg 1 9 41 28 28
1378_0023_0025_0041_0041.jpg 1 23 25 41 41
1379_0042_0025_0049_0049.jpg 1 42 25 49 49
1380_0032_0023_0049_0049.jpg 1 32 23 49 49
1381_0057_0057_0033_0033.jpg 1 57 57 33 33
1382_0012_0004_0069_0069.jpg 1 12 4 69 69
1383_0014_0008_0037_0037.jpg 1 14 8 37 37
1384_0039_0011_0035_0035.jpg 1 39 11 35 35
1385_0006_0008_0051_0051.jpg 1 6 8 51 51
1386_0022_0013_0067_0067.jpg 1 22 13 67 67
1387_0041_0019_0043_0043.jpg 1 41 19 43 43
1388_0049_0006_0038_0038.jpg 1 49 6 38 38
1389_0015_0034_0038_0038.jpg 1 15 34 38 38
1390_0017_0033_0055_0055.jpg 1 17 33 55 55
1391_0028_0004_0058_0058.jpg 1 28 4 58 58
1392_0037_0040_0047_0047.jpg 1 37 40 47 47
1393_0023_0025_0029_0029.jpg 1 23 25 29 29
1394_0018_0039_0033_0033.jpg 1 18 39 33 33
1395_0049_0026_0034_0034.jpg 1 49 26 34 34
1396_0030_0042_0044_0044.jpg 1 30 42 44 44
1397_0010_0019_0044_0044.jpg 1 10 19 44 44
1398_0016_0020_0065_0065.jpg 1 16 20 65 65
1399_0022_0027_0052_0052.jpg 1 22 27 52 52
1400_0052_0043_0032_0032.jpg 1 52 43 32 32
1401_0021_0037_0057_0057.jpg 1 21 37 57 57
1402_0022_0014_0061_0061.jpg 1 22 14 61 61
1403_0029_0042_0033_0033.jpg 1 29 42 33 33
1404_0025_0031_0042_0042.jpg 1 25 31 42 42
1405_0034_0039_0044_0044.jpg 1 34 39 44 44
1406_0033_0040_0050_0050.jpg 1 33 40 50 50
1407_0038_0052_0033_0033.jpg 1 38 52 33 33
1408_0019_0045_0026_0026.jpg 1 19 45 26 26
1409_0033_0026_0062_0062.jpg 1 33 26 62 62
1410_0026_0018_0060_0060.jpg 1 26 18 60 60
1411_0010_0024_0059_0059.jpg 1 10 24 59 59
1412_0016_0022_0041_0041.jpg 1 16 22 41 41
1413_0041_0016_0053_0053.jpg 1 41 16 53 53
1414_0028_0030_0049_0049.jpg 1 28 30 49 49
1415_0015_0009_0049_0049.jpg 1 15 9 49 49
1416_0008_0025_0069_0069.jpg 1 8 25 69 69
1417_0016_0020_0068_0068.jpg 1 16 20 68 68
1418_0043_0013_0050_0050.jpg 1 43 13 50 50
1419_0035_0039_0047_0047.jpg 1 35 39 47 47
1420_0060_0058_0029_0029.jpg 1 60 58 29 29
1421_0028_0029_0028_0028.jpg 1 28 29 28 28
1422_0029_0004_0065_0065.jpg 1 29 4 65 65
1423_0038_0033_0050_0050.jpg 1 38 33 50 50
1424_0046_0016_0039_0039.jpg 1 46 16 39 39
1425_0043_0039_0049_0049.jpg 1 43 39 49 49
1426_0011_0005_0044_0044.jpg 1 11 5 44 44
1427_0018_0010_0065_0065.jpg 1 18 10 65 65
1428_0026_0020_0043_0043.jpg 1 26 20 43 43
1429_0011_0021_0050_0050.jpg 1 11 21 50 50
1430_0005_0035_0053_0053.jpg 1 5 35 53 53
1431_0023_0049_0037_0037.jpg 1 23 49 37 37
1432_0055_0047_0033_0033.jpg 1 55 47 33 33
1433_0026_0008_0063_0063.jpg 1 26 8 63 63
1434_0022_0024_0028_0028.jpg 1 22 24 28 28
1435_0036_0014_0030_0030.jpg 1 36 14 30 30
1436_0024_0006_0063_0063.jpg 1 24 6 63 63
1437_0059_0043_0032_0032.jpg 1 59 43 32 32
1438_0036_0018_0050_0050.jpg 1 36 18 50 50
1439_0014_0008_0066_0066.jpg 1 14 8 66 66
1440_0028_0042_0028_0028.jpg 1 28 42 28 28
1441_0059_0026_0025_0025.jpg 1 59 26 25 25
1442_0012_0024_0046_0046.jpg 1 12 24 46 46
1443_0043_0018_0039_0039.jpg 1 43 18 39 39
1444_0024_0034_0053_0053.jpg 1 24 34 53 53
1445_0029_0012_0054_0054.jpg 1 29 12 54 54
1446_0044_0045_0040_0040.jpg 1 44 45 40 40
1447_0006_0031_0057_0057.jpg 1 6 31 57 57
1448_0014_0023_0067_0067.jpg 1 14 23 67 67
1449_0018_0018_0069_0069.jpg 1 18 18 69 69
1450_0035_0030_0027_0027.jpg 1 35 30 27 27
1451_0059_0063_0026_0026.jpg 1 59 63 26 26
1452_0060_0066_0026_0026.jpg 1 60 66 26 26
1453_0042_0045_0043_0043.jpg 1 42 45 43 43
1454_0016_0028_0062_0062.jpg 1 16 28 62 62
1455_0048_0035_0038_0038.jpg 1 48 35 38 38
1456_0012_0029_0035_0035.jpg 1 12 29 35 35
1457_0034_0008_0044_0044.jpg 1 34 8 44 44
1458_0018_0031_0062_0062.jpg 1 18 31 62 62
1459_0026_0033_0047_0047.jpg 1 26 33 47 47
1460_0037_0055_0033_0033.jpg 1 37 55 33 33
1461_0050_0020_0030_0030.jpg 1 50 20 30 30
1462_0012_0039_0043_0043.jpg 1 12 39 43 43
1463_0026_0046_0044_0044.jpg 1 26 46 44 44
1464_0033_0011_0058_0058.jpg 1 33 11 58 58
1465_0024_0036_0039_0039.jpg 1 24 36 39 39
1466_0028_0018_0031_0031.jpg 1 28 18 31 31
1467_0015_0018_0049_0049.jpg 1 15 18 49 49
1468_0020_0039_0036_0036.jpg 1 20 39 36 36
1469_0050_0034_0039_0039.jpg 1 50 34 39 39
1470_0011_0031_0040_0040.jpg 1 11 31 40 40
1471_0013_0005_0058_0058.jpg 1 13 5 58 58
1472_0008_0011_0037_0037.jpg 1 8 11 37 37
1473_0046_0029_0031_0031.jpg 1 46 29 31 31
1474_0016_0010_0056_0056.jpg 1 16 10 56 56
1475_0048_0019_0029_0029.jpg 1 48 19 29 29
1476_0036_0023_0038_0038.jpg 1 36 23 38 38
1477_0048_0015_0039_0039.jpg 1 48 15 39 39
1478_0031_0038_0033_0033.jpg 1 31 38 33 33
1479_0025_0039_0054_0054.jpg 1 25 39 54 54
1480_0044_0045_0045_0045.jpg 1 44 45 45 45
1481_0046_0008_0043_0043.jpg 1 46 8 43 43
1482_0051_0052_0032_0032.jpg 1 51 52 32 32
1483_0033_0018_0046_0046.jpg 1 33 18 46 46
1484_0010_0031_0060_0060.jpg 1 10 31 60 60
1485_0051_0036_0037_0037.jpg 1 51 36 37 37
1486_0050_0037_0030_0030.jpg 1 50 37 30 30
1487_0027_0005_0062_0062.jpg 1 27 5 62 62
1488_0050_0019_0038_0038.jpg 1 50 19 38 38
1489_0013_0021_0037_0037.jpg 1 13 21 37 37
1490_0036_0026_0042_0042.jpg 1 36 26 42 42
1491_0025_0004_0069_0069.jpg 1 25 4 69 69
1492_0024_0006_0063_0063.jpg 1 24 6 63 63
1493_0020_0022_0051_0051.jpg 1 20 22 51 51
1494_0040_0014_0035_0035.jpg 1 40 14 35 35
1495_0011_0007_0053_0053.jpg 1 11 7 53 53
1496_0034_0036_0053_0053.jpg 1 34 36 53 53
1497_0042_0027_0039_0039.jpg 1 42 27 39 39
1498_0044_0044_0040_0040.jpg 1 44 44 40 40
1499_0021_0009_0069_0069.jpg 1 21 9 69 69
1500_0038_0009_0053_0053.jpg 1 38 9 53 53
1501_0036_0027_0032_0032.jpg 1 36 27 32 32
1502_0055_0060_0032_0032.jpg 1 55 60 32 32
1503_0046_0037_0029_0029.jpg 1 46 37 29 29
1504_0032_0021_0062_0062.jpg 1 32 21 62 62
1505_0028_0018_0059_0059.jpg 1 28 18 59 59
1506_0019_0040_0037_0037.jpg 1 19 40 37 37
1507_0054_0009_0031_0031.jpg 1 54 9 31 31
1508_0046_0048_0043_0043.jpg 1 46 48 43 43
1509_0014_0058_0035_0035.jpg 1 14 58 35 35
1510_0004_0016_0066_0066.jpg 1 4 16 66 66
1511_0058_0024_0027_0027.jpg 1 58 24 27 27
1512_0009_0005_0061_0061.jpg 1 9 5 61 61
1513_0005_0008_0058_0058.jpg 1 5 8 58 58
1514_0030_0007_0061_0061.jpg 1 30 7 61 61
1515_0040_0024_0049_0049.jpg 1 40 24 49 49
1516_0057_0056_0028_0028.jpg 1 57 56 28 28
1517_0026_0026_0039_0039.jpg 1 26 26 39 39
1518_0005_0016_0049_0049.jpg 1 5 16 49 49
1519_0037_0008_0045_0045.jpg 1 37 8 45 45
1520_0055_0028_0029_0029.jpg 1 55 28 29 29
1521_0033_0029_0050_0050.jpg 1 33 29 50 50
1522_0011_0034_0046_0046.jpg 1 11 34 46 46
1523_0018_0019_0057_0057.jpg 1 18 19 57 57
1524_0051_0042_0035_0035.jpg 1 51 42 35 35
1525_0017_0011_0069_0069.jpg 1 17 11 69 69
1526_0031_0010_0049_0049.jpg 1 31 10 49 49
1527_0058_0012_0026_0026.jpg 1 58 12 26 26
1528_0043_0035_0043_0043.jpg 1 43 35 43 43
1529_0038_0025_0052_0052.jpg 1 38 25 52 52
1530_0030_0007_0038_0038.jpg 1 30 7 38 38
1531_0017_0026_0069_0069.jpg 1 17 26 69 69
1532_0035_0029_0047_0047.jpg 1 35 29 47 47
1533_0007_0044_0051_0051.jpg 1 7 44 51 51
1534_0055_0035_0035_0035.jpg 1 55 35 35 35
1535_0008_0011_0061_0061.jpg 1 8 11 61 61
1536_0041_0031_0050_0050.jpg 1 41 31 50 50
1537_0009_0016_0050_0050.jpg 1 9 16 50 50
1538_0023_0018_0051_0051.jpg 1 23 18 51 51
1539_0055_0023_0032_0032.jpg 1 55 23 32 32
1540_0017_0018_0042_0042.jpg 1 17 18 42 42
1541_0018_0013_0041_0041.jpg 1 18 13 41 41
1542_0015_0027_0051_0051.jpg 1 15 27 51 51
1543_0030_0031_0043_0043.jpg 1 30 31 43 43
1544_0009_0029_0024_0024.jpg 1 9 29 24 24
1545_0030_0004_0055_0055.jpg 1 30 4 55 55
1546_0021_0012_0051_0051.jpg 1 21 12 51 51
1547_0039_0062_0029_0029.jpg 1 39 62 29 29
1548_0014_0028_0056_0056.jpg 1 14 28 56 56
1549_0030_0020_0066_0066.jpg 1 30 20 66 66
1550_0039_0056_0036_0036.jpg 1 39 56 36 36
1551_0018_0020_0032_0032.jpg 1 18 20 32 32
1552_0023_0036_0043_0043.jpg 1 23 36 43 43
1553_0013_0005_0059_0059.jpg 1 13 5 59 59
1554_0013_0014_0035_0035.jpg 1 13 14 35 35
1555_0045_0018_0043_0043.jpg 1 45 18 43 43
1556_0045_0024_0040_0040.jpg 1 45 24 40 40
1557_0007_0028_0030_0030.jpg 1 7 28 30 30
1558_0046_0028_0044_0044.jpg 1 46 28 44 44
1559_0003_0029_0064_0064.jpg 1 3 29 64 64
1560_0027_0009_0061_0061.jpg 1 27 9 61 61
1561_0014_0015_0047_0047.jpg 1 14 15 47 47
1562_0004_0017_0065_0065.jpg 1 4 17 65 65
1563_0027_0034_0035_0035.jpg 1 27 34 35 35
1564_0011_0027_0064_0064.jpg 1 11 27 64 64
1565_0047_0034_0045_0045.jpg 1 47 34 45 45
1566_0054_0053_0027_0027.jpg 1 54 53 27 27
1567_0012_0014_0041_0041.jpg 1 12 14 41 41
1568_0054_0037_0033_0033.jpg 1 54 37 33 33
1569_0010_0023_0038_0038.jpg 1 10 23 38 38
1570_0055_0013_0024_0024.jpg 1 55 13 24 24
1571_0050_0030_0029_0029.jpg 1 50 30 29 29
1572_0034_0031_0045_0045.jpg 1 34 31 45 45
1573_0058_0045_0034_0034.jpg 1 58 45 34 34
1574_0034_0049_0025_0025.jpg 1 34 49 25 25
1575_0026_0014_0061_0061.jpg 1 26 14 61 61
1576_0016_0050_0038_0038.jpg 1 16 50 38 38
1577_0025_0010_0063_0063.jpg 1 25 10 63 63
1578_0006_0017_0041_0041.jpg 1 6 17 41 41
1579_0018_0053_0030_0030.jpg 1 18 53 30 30
1580_0021_0009_0055_0055.jpg 1 21 9 55 55
1581_0024_0004_0069_0069.jpg 1 24 4 69 69
1582_0061_0044_0028_0028.jpg 1 61 44 28 28
1583_0029_0022_0065_0065.jpg 1 29 22 65 65
1584_0008_0013_0062_0062.jpg 1 8 13 62 62
1585_0024_0014_0069_0069.jpg 1 24 14 69 69
1586_0017_0025_0067_0067.jpg 1 17 25 67 67
1587_0024_0016_0053_0053.jpg 1 24 16 53 53
1588_0037_0026_0054_0054.jpg 1 37 26 54 54
1589_0057_0043_0027_0027.jpg 1 57 43 27 27
1590_0046_0020_0031_0031.jpg 1 46 20 31 31
1591_0050_0009_0038_0038.jpg 1 50 9 38 38
1592_0025_0005_0060_0060.jpg 1 25 5 60 60
1593_0029_0028_0044_0044.jpg 1 29 28 44 44
1594_0013_0007_0063_0063.jpg 1 13 7 63 63
1595_0020_0059_0029_0029.jpg 1 20 59 29 29
1596_0019_0007_0067_0067.jpg 1 19 7 67 67
1597_0020_0039_0050_0050.jpg 1 20 39 50 50
1598_0024_0022_0067_0067.jpg 1 24 22 67 67
1599_0017_0014_0066_0066.jpg 1 17 14 66 66
1600_0058_0030_0035_0035.jpg 1 58 30 35 35
1601_0052_0050_0041_0041.jpg 1 52 50 41 41
1602_0017_0034_0059_0059.jpg 1 17 34 59 59
1603_0033_0034_0054_0054.jpg 1 33 34 54 54
1604_0029_0036_0034_0034.jpg 1 29 36 34 34
1605_0017_0019_0055_0055.jpg 1 17 19 55 55
1606_0051_0046_0041_0041.jpg 1 51 46 41 41
1607_0007_0007_0056_0056.jpg 1 7 7 56 56
1608_0023_0018_0051_0051.jpg 1 23 18 51 51
1609_0010_0015_0024_0024.jpg 1 10 15 24 24
1610_0038_0035_0057_0057.jpg 1 38 35 57 57
1611_0015_0008_0059_0059.jpg 1 15 8 59 59
1612_0011_0023_0062_0062.jpg 1 11 23 62 62
1613_0037_0025_0046_0046.jpg 1 37 25 46 46
1614_0016_0012_0066_0066.jpg 1 16 12 66 66
1615_0033_0033_0044_0044.jpg 1 33 33 44 44
1616_0040_0007_0035_0035.jpg 1 40 7 35 35
1617_0006_0021_0048_0048.jpg 1 6 21 48 48
1618_0010_0047_0030_0030.jpg 1 10 47 30 30
1619_0012_0030_0052_0052.jpg 1 12 30 52 52
1620_0010_0009_0048_0048.jpg 1 10 9 48 48
1621_0030_0012_0058_0058.jpg 1 30 12 58 58
1622_0043_0018_0041_0041.jpg 1 43 18 41 41
1623_0036_0017_0049_0049.jpg 1 36 17 49 49
1624_0016_0033_0045_0045.jpg 1 16 33 45 45
1625_0018_0028_0061_0061.jpg 1 18 28 61 61
1626_0005_0040_0045_0045.jpg 1 5 40 45 45
1627_0025_0003_0065_0065.jpg 1 25 3 65 65
1628_0049_0034_0041_0041.jpg 1 49 34 41 41
1629_0020_0013_0069_0069.jpg 1 20 13 69 69
1630_0052_0010_0040_0040.jpg 1 52 10 40 40
1631_0038_0033_0030_0030.jpg 1 38 33 30 30
1632_0041_0054_0035_0035.jpg 1 41 54 35 35
1633_0041_0025_0051_0051.jpg 1 41 25 51 51
1634_0020_0011_0034_0034.jpg 1 20 11 34 34
1635_0035_0008_0055_0055.jpg 1 35 8 55 55
1636_0041_0053_0038_0038.jpg 1 41 53 38 38
1637_0044_0053_0036_0036.jpg 1 44 53 36 36
1638_0013_0014_0043_0043.jpg 1 13 14 43 43
1639_0045_0018_0047_0047.jpg 1 45 18 47 47
1640_0015_0016_0065_0065.jpg 1 15 16 65 65
1641_0058_0062_0024_0024.jpg 1 58 62 24 24
1642_0028_0015_0066_0066.jpg 1 28 15 66 66
1643_0036_0048_0035_0035.jpg 1 36 48 35 35
1644_0023_0033_0054_0054.jpg 1 23 33 54 54
1645_0033_0027_0040_0040.jpg 1 33 27 40 40
1646_0027_0011_0060_0060.jpg 1 27 11 60 60
1647_0031_0008_0050_0050.jpg 1 31 8 50 50
1648_0026_0007_0059_0059.jpg 1 26 7 59 59
1649_0018_0035_0043_0043.jpg 1 18 35 43 43
1650_0013_0022_0059_0059.jpg 1 13 22 59 59
1651_0045_0019_0044_0044.jpg 1 45 19 44 44
1652_0010_0030_0065_0065.jpg 1 10 30 65 65
1653_0050_0012_0036_0036.jpg 1 50 12 36 36
1654_0033_0011_0057_0057.jpg 1 33 11 57 57
1655_0017_0046_0028_0028.jpg 1 17 46 28 28
1656_0026_0016_0066_0066.jpg 1 26 16 66 66
1657_0036_0058_0034_0034.jpg 1 36 58 34 34
1658_0020_0006_0065_0065.jpg 1 20 6 65 65
1659_0014_0006_0059_0059.jpg 1 14 6 59 59
1660_0024_0023_0060_0060.jpg 1 24 23 60 60
1661_0012_0048_0029_0029.jpg 1 12 48 29 29
1662_0051_0043_0036_0036.jpg 1 51 43 36 36
1663_0038_0052_0040_0040.jpg 1 38 52 40 40
1664_0021_0003_0067_0067.jpg 1 21 3 67 67
1665_0007_0032_0060_0060.jpg 1 7 32 60 60
1666_0005_0006_0063_0063.jpg 1 5 6 63 63
1667_0027_0013_0031_0031.jpg 1 27 13 31 31
1668_0013_0015_0027_0027.jpg 1 13 15 27 27
1669_0046_0008_0031_0031.jpg 1 46 8 31 31
1670_0046_0042_0048_0048.jpg 1 46 42 48 48
1671_0026_0025_0068_0068.jpg 1 26 25 68 68
1672_0023_0049_0037_0037.jpg 1 23 49 37 37
1673_0026_0016_0069_0069.jpg 1 26 16 69 69
1674_0054_0043_0030_0030.jpg 1 54 43 30 30
1675_0045_0048_0043_0043.jpg 1 45 48 43 43
1676_0017_0024_0069_0069.jpg 1 17 24 69 69
1677_0026_0038_0031_0031.jpg 1 26 38 31 31
1678_0019_0020_0068_0068.jpg 1 19 20 68 68
1679_0017_0030_0041_0041.jpg 1 17 30 41 41
1680_0008_0030_0051_0051.jpg 1 8 30 51 51
1681_0034_0016_0051_0051.jpg 1 34 16 51 51
1682_0006_0013_0069_0069.jpg 1 6 13 69 69
1683_0004_0022_0067_0067.jpg 1 4 22 67 67
1684_0044_0045_0025_0025.jpg 1 44 45 25 25
1685_0040_0015_0054_0054.jpg 1 40 15 54 54
1686_0022_0044_0037_0037.jpg 1 22 44 37 37
1687_0021_0022_0052_0052.jpg 1 21 22 52 52
1688_0027_0040_0030_0030.jpg 1 27 40 30 30
1689_0031_0024_0046_0046.jpg 1 31 24 46 46
1690_0023_0028_0037_0037.jpg 1 23 28 37 37
1691_0025_0032_0035_0035.jpg 1 25 32 35 35
1692_0060_0031_0025_0025.jpg 1 60 31 25 25
1693_0026_0021_0028_0028.jpg 1 26 21 28 28
1694_0037_0014_0052_0052.jpg 1 37 14 52 52
1695_0014_0034_0026_0026.jpg 1 14 34 26 26
1696_0024_0043_0045_0045.jpg 1 24 43 45 45
1697_0015_0019_0069_0069.jpg 1 15 19 69 69
1698_0010_0041_0048_0048.jpg 1 10 41 48 48
1699_0059_0050_0032_0032.jpg 1 59 50 32 32
1700_0025_0011_0063_0063.jpg 1 25 11 63 63
1701_0020_0024_0069_0069.jpg 1 20 24 69 69
1702_0020_0021_0031_0031.jpg 1 20 21 31 31
1703_0021_0025_0050_0050.jpg 1 21 25 50 50
1704_0027_0017_0047_0047.jpg 1 27 17 47 47
1705_0027_0031_0050_0050.jpg 1 27 31 50 50
1706_0010_0017_0066_0066.jpg 1 10 17 66 66
1707_0004_0006_0065_0065.jpg 1 4 6 65 65
1708_0038_0024_0046_0046.jpg 1 38 24 46 46
1709_0033_0037_0030_0030.jpg 1 33 37 30 30
1710_0029_0005_0051_0051.jpg 1 29 5 51 51
1711_0056_0020_0026_0026.jpg 1 56 20 26 26
1712_0046_0054_0025_0025.jpg 1 46 54 25 25
1713_0031_0016_0058_0058.jpg 1 31 16 58 58
1714_0024_0011_0045_0045.jpg 1 24 11 45 45
1715_0048_0028_0035_0035.jpg 1 48 28 35 35
1716_0027_0021_0054_0054.jpg 1 27 21 54 54
1717_0027_0020_0059_0059.jpg 1 27 20 59 59
1718_0029_0040_0042_0042.jpg 1 29 40 42 42
1719_0007_0056_0032_0032.jpg 1 7 56 32 32
1720_0033_0053_0034_0034.jpg 1 33 53 34 34
1721_0031_0041_0039_0039.jpg 1 31 41 39 39
1722_0010_0024_0053_0053.jpg 1 10 24 53 53
1723_0033_0020_0045_0045.jpg 1 33 20 45 45
1724_0033_0030_0045_0045.jpg 1 33 30 45 45
1725_0045_0007_0044_0044.jpg 1 45 7 44 44
1726_0034_0032_0032_0032.jpg 1 34 32 32 32
1727_0016_0034_0054_0054.jpg 1 16 34 54 54
1728_0014_0016_0028_0028.jpg 1 14 16 28 28
1729_0016_0044_0040_0040.jpg 1 16 44 40 40
1730_0023_0031_0065_0065.jpg 1 23 31 65 65
1731_0046_0022_0037_0037.jpg 1 46 22 37 37
1732_0024_0041_0053_0053.jpg 1 24 41 53 53
1733_0021_0032_0028_0028.jpg 1 21 32 28 28
1734_0021_0005_0069_0069.jpg 1 21 5 69 69
1735_0042_0035_0047_0047.jpg 1 42 35 47 47
1736_0027_0032_0035_0035.jpg 1 27 32 35 35
1737_0049_0051_0034_0034.jpg 1 49 51 34 34
1738_0045_0026_0038_0038.jpg 1 45 26 38 38
1739_0038_0034_0052_0052.jpg 1 38 34 52 52
1740_0035_0032_0056_0056.jpg 1 35 32 56 56
1741_0009_0054_0025_0025.jpg 1 9 54 25 25
1742_0040_0021_0034_0034.jpg 1 40 21 34 34
1743_0034_0024_0037_0037.jpg 1 34 24 37 37
1744_0011_0010_0047_0047.jpg 1 11 10 47 47
1745_0013_0009_0058_0058.jpg 1 13 9 58 58
1746_0029_0013_0042_0042.jpg 1 29 13 42 42
1747_0007_0027_0056_0056.jpg 1 7 27 56 56
1748_0024_0009_0068_0068.jpg 1 24 9 68 68
1749_0027_0028_0068_0068.jpg 1 27 28 68 68
1750_0029_0031_0056_0056.jpg 1 29 31 56 56
1751_0055_0061_0024_0024.jpg 1 55 61 24 24
1752_0034_0032_0036_0036.jpg 1 34 32 36 36
1753_0025_0033_0051_0051.jpg 1 25 33 51 51
1754_0013_0023_0067_0067.jpg 1 13 23 67 67
1755_0009_0036_0047_0047.jpg 1 9 36 47 47
1756_0024_0026_0068_0068.jpg 1 24 26 68 68
1757_0025_0054_0038_0038.jpg 1 25 54 38 38
1758_0027_0013_0067_0067.jpg 1 27 13 67 67
1759_0028_0022_0050_0050.jpg 1 28 22 50 50
1760_0043_0021_0030_0030.jpg 1 43 21 30 30
1761_0049_0049_0024_0024.jpg 1 49 49 24 24
1762_0048_0052_0033_0033.jpg 1 48 52 33 33
1763_0028_0014_0063_0063.jpg 1 28 14 63 63
1764_0025_0015_0042_0042.jpg 1 25 15 42 42
1765_0013_0023_0039_0039.jpg 1 13 23 39 39
1766_0011_0061_0031_0031.jpg 1 11 61 31 31
1767_0016_0019_0060_0060.jpg 1 16 19 60 60
1768_0033_0017_0031_0031.jpg 1 33 17 31 31
1769_0013_0032_0052_0052.jpg 1 13 32 52 52
1770_0019_0031_0061_0061.jpg 1 19 31 61 61
1771_0051_0014_0027_0027.jpg 1 51 14 27 27
1772_0025_0038_0047_0047.jpg 1 25 38 47 47
1773_0012_0055_0028_0028.jpg 1 12 55 28 28
1774_0040_0030_0027_0027.jpg 1 40 30 27 27
1775_0056_0039_0024_0024.jpg 1 56 39 24 24
1776_0025_0015_0064_0064.jpg 1 25 15 64 64
1777_0021_0047_0037_0037.jpg 1 21 47 37 37
1778_0013_0011_0053_0053.jpg 1 13 11 53 53
1779_0009_0032_0050_0050.jpg 1 9 32 50 50
1780_0003_0016_0068_0068.jpg 1 3 16 68 68
1781_0028_0032_0030_0030.jpg 1 28 32 30 30
1782_0019_0017_0062_0062.jpg 1 19 17 62 62
1783_0023_0040_0040_0040.jpg 1 23 40 40 40
1784_0030_0039_0056_0056.jpg 1 30 39 56 56
1785_0045_0022_0049_0049.jpg 1 45 22 49 49
1786_0014_0016_0068_0068.jpg 1 14 16 68 68
1787_0055_0064_0026_0026.jpg 1 55 64 26 26
1788_0043_0037_0049_0049.jpg 1 43 37 49 49
1789_0023_0015_0059_0059.jpg 1 23 15 59 59
1790_0038_0016_0047_0047.jpg 1 38 16 47 47
1791_0005_0046_0044_0044.jpg 1 5 46 44 44
1792_0013_0051_0026_0026.jpg 1 13 51 26 26
1793_0016_0049_0032_0032.jpg 1 16 49 32 32
1794_0027_0034_0055_0055.jpg 1 27 34 55 55
1795_0028_0025_0064_0064.jpg 1 28 25 64 64
1796_0046_0007_0047_0047.jpg 1 46 7 47 47
1797_0051_0012_0031_0031.jpg 1 51 12 31 31
1798_0021_0022_0047_0047.jpg 1 21 22 47 47
1799_0023_0032_0036_0036.jpg 1 23 32 36 36
1800_0022_0019_0033_0033.jpg 1 22 19 33 33
